20-Jul-2024 14:38:19.569 INFO [main] org.apache.catalina.startup.VersionLoggerListener.log Server version name:   Apache Tomcat/9.0.38
20-Jul-2024 14:38:19.594 INFO [main] org.apache.catalina.startup.VersionLoggerListener.log Server built:          Sep 10 2020 08:20:30 UTC
20-Jul-2024 14:38:19.594 INFO [main] org.apache.catalina.startup.VersionLoggerListener.log Server version number: 9.0.38.0
20-Jul-2024 14:38:19.594 INFO [main] org.apache.catalina.startup.VersionLoggerListener.log OS Name:               Windows 10
20-Jul-2024 14:38:19.595 INFO [main] org.apache.catalina.startup.VersionLoggerListener.log OS Version:            10.0
20-Jul-2024 14:38:19.595 INFO [main] org.apache.catalina.startup.VersionLoggerListener.log Architecture:          amd64
20-Jul-2024 14:38:19.595 INFO [main] org.apache.catalina.startup.VersionLoggerListener.log Java Home:             E:\Program Files\Java\jdk-17
20-Jul-2024 14:38:19.595 INFO [main] org.apache.catalina.startup.VersionLoggerListener.log JVM Version:           17.0.7+8-LTS-224
20-Jul-2024 14:38:19.596 INFO [main] org.apache.catalina.startup.VersionLoggerListener.log JVM Vendor:            Oracle Corporation
20-Jul-2024 14:38:19.596 INFO [main] org.apache.catalina.startup.VersionLoggerListener.log CATALINA_BASE:         E:\Users\HP\IdeaProjects\real-estate\src\main\webapp
20-Jul-2024 14:38:19.596 INFO [main] org.apache.catalina.startup.VersionLoggerListener.log CATALINA_HOME:         E:\apache-tomcat-9.0.38
20-Jul-2024 14:38:19.617 INFO [main] org.apache.catalina.startup.VersionLoggerListener.log Command line argument: --add-opens=java.base/java.lang=ALL-UNNAMED
20-Jul-2024 14:38:19.617 INFO [main] org.apache.catalina.startup.VersionLoggerListener.log Command line argument: --add-opens=java.base/java.io=ALL-UNNAMED
20-Jul-2024 14:38:19.617 INFO [main] org.apache.catalina.startup.VersionLoggerListener.log Command line argument: --add-opens=java.base/java.util=ALL-UNNAMED
20-Jul-2024 14:38:19.617 INFO [main] org.apache.catalina.startup.VersionLoggerListener.log Command line argument: --add-opens=java.base/java.util.concurrent=ALL-UNNAMED
20-Jul-2024 14:38:19.618 INFO [main] org.apache.catalina.startup.VersionLoggerListener.log Command line argument: --add-opens=java.rmi/sun.rmi.transport=ALL-UNNAMED
20-Jul-2024 14:38:19.618 INFO [main] org.apache.catalina.startup.VersionLoggerListener.log Command line argument: -Dcatalina.home=E:\apache-tomcat-9.0.38
20-Jul-2024 14:38:19.618 INFO [main] org.apache.catalina.startup.VersionLoggerListener.log Command line argument: -Dcatalina.base=E:\Users\HP\IdeaProjects\real-estate\src\main\webapp
20-Jul-2024 14:38:19.618 INFO [main] org.apache.catalina.startup.VersionLoggerListener.log Command line argument: -Djava.io.tmpdir=E:\Users\HP\IdeaProjects\real-estate\src\main\webapp\temp
20-Jul-2024 14:38:19.619 INFO [main] org.apache.catalina.startup.VersionLoggerListener.log Command line argument: -Djava.util.logging.config.file=E:\Users\HP\IdeaProjects\real-estate\src\main\webapp\conf\logging.properties
20-Jul-2024 14:38:19.619 INFO [main] org.apache.catalina.startup.VersionLoggerListener.log Command line argument: -Djava.util.logging.manager=org.apache.juli.ClassLoaderLogManager
20-Jul-2024 14:38:19.619 INFO [main] org.apache.catalina.startup.VersionLoggerListener.log Command line argument: -javaagent:C:\Program Files\JetBrains\IntelliJ IDEA Community Edition 2023.3.4\lib\idea_rt.jar=62787:C:\Program Files\JetBrains\IntelliJ IDEA Community Edition 2023.3.4\bin
20-Jul-2024 14:38:19.619 INFO [main] org.apache.catalina.startup.VersionLoggerListener.log Command line argument: -Dfile.encoding=UTF-8
20-Jul-2024 14:38:19.856 INFO [main] org.apache.catalina.core.AprLifecycleListener.lifecycleEvent Loaded Apache Tomcat Native library [1.2.25] using APR version [1.7.0].
20-Jul-2024 14:38:19.856 INFO [main] org.apache.catalina.core.AprLifecycleListener.lifecycleEvent APR capabilities: IPv6 [true], sendfile [true], accept filters [false], random [true].
20-Jul-2024 14:38:19.857 INFO [main] org.apache.catalina.core.AprLifecycleListener.lifecycleEvent APR/OpenSSL configuration: useAprConnector [false], useOpenSSL [true]
20-Jul-2024 14:38:19.872 INFO [main] org.apache.catalina.core.AprLifecycleListener.initializeSSL OpenSSL successfully initialized [OpenSSL 1.1.1g  21 Apr 2020]
20-Jul-2024 14:38:20.909 INFO [main] org.apache.coyote.AbstractProtocol.init Initializing ProtocolHandler ["http-nio-8080"]
20-Jul-2024 14:38:21.181 INFO [main] org.apache.catalina.startup.Catalina.load Server initialization in [2535] milliseconds
20-Jul-2024 14:38:21.288 INFO [main] org.apache.catalina.core.StandardService.startInternal Starting service [Catalina]
20-Jul-2024 14:38:21.288 INFO [main] org.apache.catalina.core.StandardEngine.startInternal Starting Servlet engine: [Apache Tomcat/9.0.38]
20-Jul-2024 14:38:21.315 INFO [main] org.apache.catalina.startup.HostConfig.deployDescriptor Deploying deployment descriptor [E:\Users\HP\IdeaProjects\real-estate\src\main\webapp\conf\Catalina\localhost\real-estate.xml]
20-Jul-2024 14:38:32.480 INFO [main] org.apache.jasper.servlet.TldScanner.scanJars At least one JAR was scanned for TLDs yet contained no TLDs. Enable debug logging for this logger for a complete list of JARs that were scanned but no TLDs were found in them. Skipping unneeded JARs during scanning can improve startup time and JSP compilation time.
20-Jul-2024 14:38:46.126 INFO [main] org.apache.catalina.startup.HostConfig.deployDescriptor Deployment of deployment descriptor [E:\Users\HP\IdeaProjects\real-estate\src\main\webapp\conf\Catalina\localhost\real-estate.xml] has finished in [24,799] ms
20-Jul-2024 14:38:46.132 INFO [main] org.apache.coyote.AbstractProtocol.start Starting ProtocolHandler ["http-nio-8080"]
20-Jul-2024 14:38:46.212 INFO [main] org.apache.catalina.startup.Catalina.start Server startup in [25031] milliseconds
20-Jul-2024 15:04:19.168 INFO [Thread-3] org.apache.coyote.AbstractProtocol.pause Pausing ProtocolHandler ["http-nio-8080"]
20-Jul-2024 15:04:19.190 INFO [Thread-3] org.apache.catalina.core.StandardService.stopInternal Stopping service [Catalina]
20-Jul-2024 15:04:19.200 WARNING [Thread-3] org.apache.catalina.loader.WebappClassLoaderBase.clearReferencesJdbc The web application [real-estate] registered the JDBC driver [com.mysql.cj.jdbc.Driver] but failed to unregister it when the web application was stopped. To prevent a memory leak, the JDBC Driver has been forcibly unregistered.
20-Jul-2024 15:04:19.201 WARNING [Thread-3] org.apache.catalina.loader.WebappClassLoaderBase.clearReferencesThreads The web application [real-estate] appears to have started a thread named [mysql-cj-abandoned-connection-cleanup] but has failed to stop it. This is very likely to create a memory leak. Stack trace of thread:
 java.base@17.0.7/java.lang.Object.wait(Native Method)
 java.base@17.0.7/java.lang.ref.ReferenceQueue.remove(ReferenceQueue.java:155)
 com.mysql.cj.jdbc.AbandonedConnectionCleanupThread.run(AbandonedConnectionCleanupThread.java:91)
 java.base@17.0.7/java.util.concurrent.ThreadPoolExecutor.runWorker(ThreadPoolExecutor.java:1136)
 java.base@17.0.7/java.util.concurrent.ThreadPoolExecutor$Worker.run(ThreadPoolExecutor.java:635)
 java.base@17.0.7/java.lang.Thread.run(Thread.java:833)
20-Jul-2024 15:04:19.201 WARNING [Thread-3] org.apache.catalina.loader.WebappClassLoaderBase.clearReferencesObjectStreamClassCaches Failed to clear soft references from ObjectStreamClass$Caches for web application [real-estate]
	java.lang.ClassCastException: class java.io.ObjectStreamClass$Caches$1 cannot be cast to class java.util.Map (java.io.ObjectStreamClass$Caches$1 and java.util.Map are in module java.base of loader 'bootstrap')
		at org.apache.catalina.loader.WebappClassLoaderBase.clearCache(WebappClassLoaderBase.java:2268)
		at org.apache.catalina.loader.WebappClassLoaderBase.clearReferencesObjectStreamClassCaches(WebappClassLoaderBase.java:2255)
		at org.apache.catalina.loader.WebappClassLoaderBase.clearReferences(WebappClassLoaderBase.java:1627)
		at org.apache.catalina.loader.WebappClassLoaderBase.stop(WebappClassLoaderBase.java:1555)
		at org.apache.catalina.loader.WebappLoader.stopInternal(WebappLoader.java:461)
		at org.apache.catalina.util.LifecycleBase.stop(LifecycleBase.java:257)
		at org.apache.catalina.core.StandardContext.stopInternal(StandardContext.java:5431)
		at org.apache.catalina.util.LifecycleBase.stop(LifecycleBase.java:257)
		at org.apache.catalina.core.ContainerBase$StopChild.call(ContainerBase.java:1400)
		at org.apache.catalina.core.ContainerBase$StopChild.call(ContainerBase.java:1389)
		at java.base/java.util.concurrent.FutureTask.run(FutureTask.java:264)
		at org.apache.tomcat.util.threads.InlineExecutorService.execute(InlineExecutorService.java:75)
		at java.base/java.util.concurrent.AbstractExecutorService.submit(AbstractExecutorService.java:145)
		at org.apache.catalina.core.ContainerBase.stopInternal(ContainerBase.java:976)
		at org.apache.catalina.util.LifecycleBase.stop(LifecycleBase.java:257)
		at org.apache.catalina.core.ContainerBase$StopChild.call(ContainerBase.java:1400)
		at org.apache.catalina.core.ContainerBase$StopChild.call(ContainerBase.java:1389)
		at java.base/java.util.concurrent.FutureTask.run(FutureTask.java:264)
		at org.apache.tomcat.util.threads.InlineExecutorService.execute(InlineExecutorService.java:75)
		at java.base/java.util.concurrent.AbstractExecutorService.submit(AbstractExecutorService.java:145)
		at org.apache.catalina.core.ContainerBase.stopInternal(ContainerBase.java:976)
		at org.apache.catalina.util.LifecycleBase.stop(LifecycleBase.java:257)
		at org.apache.catalina.core.StandardService.stopInternal(StandardService.java:473)
		at org.apache.catalina.util.LifecycleBase.stop(LifecycleBase.java:257)
		at org.apache.catalina.core.StandardServer.stopInternal(StandardServer.java:992)
		at org.apache.catalina.util.LifecycleBase.stop(LifecycleBase.java:257)
		at org.apache.catalina.startup.Catalina.stop(Catalina.java:849)
		at org.apache.catalina.startup.Catalina$CatalinaShutdownHook.run(Catalina.java:996)
20-Jul-2024 15:04:19.210 INFO [Thread-3] org.apache.coyote.AbstractProtocol.stop Stopping ProtocolHandler ["http-nio-8080"]
20-Jul-2024 15:04:19.239 INFO [Thread-3] org.apache.coyote.AbstractProtocol.destroy Destroying ProtocolHandler ["http-nio-8080"]
