20-Jul-2024 14:38:33.559 INFO [main] org.apache.catalina.core.ApplicationContext.log 2 Spring WebApplicationInitializers detected on classpath
20-Jul-2024 14:38:33.997 INFO [main] org.apache.catalina.core.ApplicationContext.log Initializing Spring DispatcherServlet 'dispatcher'
20-Jul-2024 15:02:01.112 SEVERE [http-nio-8080-exec-6] org.apache.catalina.core.ApplicationDispatcher.invoke Servlet.service() for servlet [jsp] threw exception
	javax.el.MethodNotFoundException: Method not found: class com.xworkz.real.dto.UserEntity.getPropertyType()
		at javax.el.Util.findWrapper(Util.java:371)
		at javax.el.Util.findMethod(Util.java:217)
		at javax.el.BeanELResolver.invoke(BeanELResolver.java:150)
		at org.apache.jasper.el.JasperELResolver.invoke(JasperELResolver.java:163)
		at org.apache.el.parser.AstValue.getValue(AstValue.java:159)
		at org.apache.el.ValueExpressionImpl.getValue(ValueExpressionImpl.java:190)
		at org.apache.jasper.runtime.PageContextImpl.proprietaryEvaluate(PageContextImpl.java:701)
		at org.apache.jsp.reviewProperty_jsp._jspx_meth_c_005fforEach_005f0(reviewProperty_jsp.java:504)
		at org.apache.jsp.reviewProperty_jsp._jspService(reviewProperty_jsp.java:352)
		at org.apache.jasper.runtime.HttpJspBase.service(HttpJspBase.java:71)
		at javax.servlet.http.HttpServlet.service(HttpServlet.java:733)
		at org.apache.jasper.servlet.JspServletWrapper.service(JspServletWrapper.java:477)
		at org.apache.jasper.servlet.JspServlet.serviceJspFile(JspServlet.java:385)
		at org.apache.jasper.servlet.JspServlet.service(JspServlet.java:329)
		at javax.servlet.http.HttpServlet.service(HttpServlet.java:733)
		at org.apache.catalina.core.ApplicationFilterChain.internalDoFilter(ApplicationFilterChain.java:231)
		at org.apache.catalina.core.ApplicationFilterChain.doFilter(ApplicationFilterChain.java:166)
		at org.apache.tomcat.websocket.server.WsFilter.doFilter(WsFilter.java:53)
		at org.apache.catalina.core.ApplicationFilterChain.internalDoFilter(ApplicationFilterChain.java:193)
		at org.apache.catalina.core.ApplicationFilterChain.doFilter(ApplicationFilterChain.java:166)
		at org.apache.catalina.core.ApplicationDispatcher.invoke(ApplicationDispatcher.java:712)
		at org.apache.catalina.core.ApplicationDispatcher.processRequest(ApplicationDispatcher.java:459)
		at org.apache.catalina.core.ApplicationDispatcher.doForward(ApplicationDispatcher.java:384)
		at org.apache.catalina.core.ApplicationDispatcher.forward(ApplicationDispatcher.java:312)
		at org.springframework.web.servlet.view.InternalResourceView.renderMergedOutputModel(InternalResourceView.java:171)
		at org.springframework.web.servlet.view.AbstractView.render(AbstractView.java:316)
		at org.springframework.web.servlet.DispatcherServlet.render(DispatcherServlet.java:1406)
		at org.springframework.web.servlet.DispatcherServlet.processDispatchResult(DispatcherServlet.java:1150)
		at org.springframework.web.servlet.DispatcherServlet.doDispatch(DispatcherServlet.java:1089)
		at org.springframework.web.servlet.DispatcherServlet.doService(DispatcherServlet.java:965)
		at org.springframework.web.servlet.FrameworkServlet.processRequest(FrameworkServlet.java:1006)
		at org.springframework.web.servlet.FrameworkServlet.doGet(FrameworkServlet.java:898)
		at javax.servlet.http.HttpServlet.service(HttpServlet.java:626)
		at org.springframework.web.servlet.FrameworkServlet.service(FrameworkServlet.java:883)
		at javax.servlet.http.HttpServlet.service(HttpServlet.java:733)
		at org.apache.catalina.core.ApplicationFilterChain.internalDoFilter(ApplicationFilterChain.java:231)
		at org.apache.catalina.core.ApplicationFilterChain.doFilter(ApplicationFilterChain.java:166)
		at org.apache.tomcat.websocket.server.WsFilter.doFilter(WsFilter.java:53)
		at org.apache.catalina.core.ApplicationFilterChain.internalDoFilter(ApplicationFilterChain.java:193)
		at org.apache.catalina.core.ApplicationFilterChain.doFilter(ApplicationFilterChain.java:166)
		at org.apache.catalina.core.StandardWrapperValve.invoke(StandardWrapperValve.java:202)
		at org.apache.catalina.core.StandardContextValve.invoke(StandardContextValve.java:97)
		at org.apache.catalina.authenticator.AuthenticatorBase.invoke(AuthenticatorBase.java:541)
		at org.apache.catalina.core.StandardHostValve.invoke(StandardHostValve.java:143)
		at org.apache.catalina.valves.ErrorReportValve.invoke(ErrorReportValve.java:92)
		at org.apache.catalina.valves.AbstractAccessLogValve.invoke(AbstractAccessLogValve.java:690)
		at org.apache.catalina.core.StandardEngineValve.invoke(StandardEngineValve.java:78)
		at org.apache.catalina.connector.CoyoteAdapter.service(CoyoteAdapter.java:343)
		at org.apache.coyote.http11.Http11Processor.service(Http11Processor.java:374)
		at org.apache.coyote.AbstractProcessorLight.process(AbstractProcessorLight.java:65)
		at org.apache.coyote.AbstractProtocol$ConnectionHandler.process(AbstractProtocol.java:868)
		at org.apache.tomcat.util.net.NioEndpoint$SocketProcessor.doRun(NioEndpoint.java:1590)
		at org.apache.tomcat.util.net.SocketProcessorBase.run(SocketProcessorBase.java:49)
		at java.base/java.util.concurrent.ThreadPoolExecutor.runWorker(ThreadPoolExecutor.java:1136)
		at java.base/java.util.concurrent.ThreadPoolExecutor$Worker.run(ThreadPoolExecutor.java:635)
		at org.apache.tomcat.util.threads.TaskThread$WrappingRunnable.run(TaskThread.java:61)
		at java.base/java.lang.Thread.run(Thread.java:833)
20-Jul-2024 15:02:01.112 SEVERE [http-nio-8080-exec-6] org.apache.catalina.core.StandardWrapperValve.invoke Servlet.service() for servlet [dispatcher] in context with path [/real-estate] threw exception [An exception occurred processing [/reviewProperty.jsp] at line [230]

227:                         <tr>
228:                             <td>${bidEntity.propertyEntities.getPropertyId()}</td>
229:                             <td>${bidEntity.propertyEntities.getPropertyName()}</td>
230:                             <td>${bidEntity.userEntities.getPropertyType()}</td>
231:                             <td>${bidEntity.userEntities.getPropertyAddress()}</td>
232:                             <td>${bidEntity.getPropertyArea()}</td>
233:                             <td>${bidEntity.getPropertyPrice()}</td>


Stacktrace:] with root cause
	javax.el.MethodNotFoundException: Method not found: class com.xworkz.real.dto.UserEntity.getPropertyType()
		at javax.el.Util.findWrapper(Util.java:371)
		at javax.el.Util.findMethod(Util.java:217)
		at javax.el.BeanELResolver.invoke(BeanELResolver.java:150)
		at org.apache.jasper.el.JasperELResolver.invoke(JasperELResolver.java:163)
		at org.apache.el.parser.AstValue.getValue(AstValue.java:159)
		at org.apache.el.ValueExpressionImpl.getValue(ValueExpressionImpl.java:190)
		at org.apache.jasper.runtime.PageContextImpl.proprietaryEvaluate(PageContextImpl.java:701)
		at org.apache.jsp.reviewProperty_jsp._jspx_meth_c_005fforEach_005f0(reviewProperty_jsp.java:504)
		at org.apache.jsp.reviewProperty_jsp._jspService(reviewProperty_jsp.java:352)
		at org.apache.jasper.runtime.HttpJspBase.service(HttpJspBase.java:71)
		at javax.servlet.http.HttpServlet.service(HttpServlet.java:733)
		at org.apache.jasper.servlet.JspServletWrapper.service(JspServletWrapper.java:477)
		at org.apache.jasper.servlet.JspServlet.serviceJspFile(JspServlet.java:385)
		at org.apache.jasper.servlet.JspServlet.service(JspServlet.java:329)
		at javax.servlet.http.HttpServlet.service(HttpServlet.java:733)
		at org.apache.catalina.core.ApplicationFilterChain.internalDoFilter(ApplicationFilterChain.java:231)
		at org.apache.catalina.core.ApplicationFilterChain.doFilter(ApplicationFilterChain.java:166)
		at org.apache.tomcat.websocket.server.WsFilter.doFilter(WsFilter.java:53)
		at org.apache.catalina.core.ApplicationFilterChain.internalDoFilter(ApplicationFilterChain.java:193)
		at org.apache.catalina.core.ApplicationFilterChain.doFilter(ApplicationFilterChain.java:166)
		at org.apache.catalina.core.ApplicationDispatcher.invoke(ApplicationDispatcher.java:712)
		at org.apache.catalina.core.ApplicationDispatcher.processRequest(ApplicationDispatcher.java:459)
		at org.apache.catalina.core.ApplicationDispatcher.doForward(ApplicationDispatcher.java:384)
		at org.apache.catalina.core.ApplicationDispatcher.forward(ApplicationDispatcher.java:312)
		at org.springframework.web.servlet.view.InternalResourceView.renderMergedOutputModel(InternalResourceView.java:171)
		at org.springframework.web.servlet.view.AbstractView.render(AbstractView.java:316)
		at org.springframework.web.servlet.DispatcherServlet.render(DispatcherServlet.java:1406)
		at org.springframework.web.servlet.DispatcherServlet.processDispatchResult(DispatcherServlet.java:1150)
		at org.springframework.web.servlet.DispatcherServlet.doDispatch(DispatcherServlet.java:1089)
		at org.springframework.web.servlet.DispatcherServlet.doService(DispatcherServlet.java:965)
		at org.springframework.web.servlet.FrameworkServlet.processRequest(FrameworkServlet.java:1006)
		at org.springframework.web.servlet.FrameworkServlet.doGet(FrameworkServlet.java:898)
		at javax.servlet.http.HttpServlet.service(HttpServlet.java:626)
		at org.springframework.web.servlet.FrameworkServlet.service(FrameworkServlet.java:883)
		at javax.servlet.http.HttpServlet.service(HttpServlet.java:733)
		at org.apache.catalina.core.ApplicationFilterChain.internalDoFilter(ApplicationFilterChain.java:231)
		at org.apache.catalina.core.ApplicationFilterChain.doFilter(ApplicationFilterChain.java:166)
		at org.apache.tomcat.websocket.server.WsFilter.doFilter(WsFilter.java:53)
		at org.apache.catalina.core.ApplicationFilterChain.internalDoFilter(ApplicationFilterChain.java:193)
		at org.apache.catalina.core.ApplicationFilterChain.doFilter(ApplicationFilterChain.java:166)
		at org.apache.catalina.core.StandardWrapperValve.invoke(StandardWrapperValve.java:202)
		at org.apache.catalina.core.StandardContextValve.invoke(StandardContextValve.java:97)
		at org.apache.catalina.authenticator.AuthenticatorBase.invoke(AuthenticatorBase.java:541)
		at org.apache.catalina.core.StandardHostValve.invoke(StandardHostValve.java:143)
		at org.apache.catalina.valves.ErrorReportValve.invoke(ErrorReportValve.java:92)
		at org.apache.catalina.valves.AbstractAccessLogValve.invoke(AbstractAccessLogValve.java:690)
		at org.apache.catalina.core.StandardEngineValve.invoke(StandardEngineValve.java:78)
		at org.apache.catalina.connector.CoyoteAdapter.service(CoyoteAdapter.java:343)
		at org.apache.coyote.http11.Http11Processor.service(Http11Processor.java:374)
		at org.apache.coyote.AbstractProcessorLight.process(AbstractProcessorLight.java:65)
		at org.apache.coyote.AbstractProtocol$ConnectionHandler.process(AbstractProtocol.java:868)
		at org.apache.tomcat.util.net.NioEndpoint$SocketProcessor.doRun(NioEndpoint.java:1590)
		at org.apache.tomcat.util.net.SocketProcessorBase.run(SocketProcessorBase.java:49)
		at java.base/java.util.concurrent.ThreadPoolExecutor.runWorker(ThreadPoolExecutor.java:1136)
		at java.base/java.util.concurrent.ThreadPoolExecutor$Worker.run(ThreadPoolExecutor.java:635)
		at org.apache.tomcat.util.threads.TaskThread$WrappingRunnable.run(TaskThread.java:61)
		at java.base/java.lang.Thread.run(Thread.java:833)
20-Jul-2024 15:02:01.115 SEVERE [http-nio-8080-exec-5] org.apache.catalina.core.ApplicationDispatcher.invoke Servlet.service() for servlet [jsp] threw exception
	javax.el.MethodNotFoundException: Method not found: class com.xworkz.real.dto.UserEntity.getPropertyType()
		at javax.el.Util.findWrapper(Util.java:371)
		at javax.el.Util.findMethod(Util.java:217)
		at javax.el.BeanELResolver.invoke(BeanELResolver.java:150)
		at org.apache.jasper.el.JasperELResolver.invoke(JasperELResolver.java:163)
		at org.apache.el.parser.AstValue.getValue(AstValue.java:159)
		at org.apache.el.ValueExpressionImpl.getValue(ValueExpressionImpl.java:190)
		at org.apache.jasper.runtime.PageContextImpl.proprietaryEvaluate(PageContextImpl.java:701)
		at org.apache.jsp.reviewProperty_jsp._jspx_meth_c_005fforEach_005f0(reviewProperty_jsp.java:504)
		at org.apache.jsp.reviewProperty_jsp._jspService(reviewProperty_jsp.java:352)
		at org.apache.jasper.runtime.HttpJspBase.service(HttpJspBase.java:71)
		at javax.servlet.http.HttpServlet.service(HttpServlet.java:733)
		at org.apache.jasper.servlet.JspServletWrapper.service(JspServletWrapper.java:477)
		at org.apache.jasper.servlet.JspServlet.serviceJspFile(JspServlet.java:385)
		at org.apache.jasper.servlet.JspServlet.service(JspServlet.java:329)
		at javax.servlet.http.HttpServlet.service(HttpServlet.java:733)
		at org.apache.catalina.core.ApplicationFilterChain.internalDoFilter(ApplicationFilterChain.java:231)
		at org.apache.catalina.core.ApplicationFilterChain.doFilter(ApplicationFilterChain.java:166)
		at org.apache.tomcat.websocket.server.WsFilter.doFilter(WsFilter.java:53)
		at org.apache.catalina.core.ApplicationFilterChain.internalDoFilter(ApplicationFilterChain.java:193)
		at org.apache.catalina.core.ApplicationFilterChain.doFilter(ApplicationFilterChain.java:166)
		at org.apache.catalina.core.ApplicationDispatcher.invoke(ApplicationDispatcher.java:712)
		at org.apache.catalina.core.ApplicationDispatcher.processRequest(ApplicationDispatcher.java:459)
		at org.apache.catalina.core.ApplicationDispatcher.doForward(ApplicationDispatcher.java:384)
		at org.apache.catalina.core.ApplicationDispatcher.forward(ApplicationDispatcher.java:312)
		at org.springframework.web.servlet.view.InternalResourceView.renderMergedOutputModel(InternalResourceView.java:171)
		at org.springframework.web.servlet.view.AbstractView.render(AbstractView.java:316)
		at org.springframework.web.servlet.DispatcherServlet.render(DispatcherServlet.java:1406)
		at org.springframework.web.servlet.DispatcherServlet.processDispatchResult(DispatcherServlet.java:1150)
		at org.springframework.web.servlet.DispatcherServlet.doDispatch(DispatcherServlet.java:1089)
		at org.springframework.web.servlet.DispatcherServlet.doService(DispatcherServlet.java:965)
		at org.springframework.web.servlet.FrameworkServlet.processRequest(FrameworkServlet.java:1006)
		at org.springframework.web.servlet.FrameworkServlet.doGet(FrameworkServlet.java:898)
		at javax.servlet.http.HttpServlet.service(HttpServlet.java:626)
		at org.springframework.web.servlet.FrameworkServlet.service(FrameworkServlet.java:883)
		at javax.servlet.http.HttpServlet.service(HttpServlet.java:733)
		at org.apache.catalina.core.ApplicationFilterChain.internalDoFilter(ApplicationFilterChain.java:231)
		at org.apache.catalina.core.ApplicationFilterChain.doFilter(ApplicationFilterChain.java:166)
		at org.apache.tomcat.websocket.server.WsFilter.doFilter(WsFilter.java:53)
		at org.apache.catalina.core.ApplicationFilterChain.internalDoFilter(ApplicationFilterChain.java:193)
		at org.apache.catalina.core.ApplicationFilterChain.doFilter(ApplicationFilterChain.java:166)
		at org.apache.catalina.core.StandardWrapperValve.invoke(StandardWrapperValve.java:202)
		at org.apache.catalina.core.StandardContextValve.invoke(StandardContextValve.java:97)
		at org.apache.catalina.authenticator.AuthenticatorBase.invoke(AuthenticatorBase.java:541)
		at org.apache.catalina.core.StandardHostValve.invoke(StandardHostValve.java:143)
		at org.apache.catalina.valves.ErrorReportValve.invoke(ErrorReportValve.java:92)
		at org.apache.catalina.valves.AbstractAccessLogValve.invoke(AbstractAccessLogValve.java:690)
		at org.apache.catalina.core.StandardEngineValve.invoke(StandardEngineValve.java:78)
		at org.apache.catalina.connector.CoyoteAdapter.service(CoyoteAdapter.java:343)
		at org.apache.coyote.http11.Http11Processor.service(Http11Processor.java:374)
		at org.apache.coyote.AbstractProcessorLight.process(AbstractProcessorLight.java:65)
		at org.apache.coyote.AbstractProtocol$ConnectionHandler.process(AbstractProtocol.java:868)
		at org.apache.tomcat.util.net.NioEndpoint$SocketProcessor.doRun(NioEndpoint.java:1590)
		at org.apache.tomcat.util.net.SocketProcessorBase.run(SocketProcessorBase.java:49)
		at java.base/java.util.concurrent.ThreadPoolExecutor.runWorker(ThreadPoolExecutor.java:1136)
		at java.base/java.util.concurrent.ThreadPoolExecutor$Worker.run(ThreadPoolExecutor.java:635)
		at org.apache.tomcat.util.threads.TaskThread$WrappingRunnable.run(TaskThread.java:61)
		at java.base/java.lang.Thread.run(Thread.java:833)
20-Jul-2024 15:02:01.115 SEVERE [http-nio-8080-exec-1] org.apache.catalina.core.ApplicationDispatcher.invoke Servlet.service() for servlet [jsp] threw exception
	javax.el.MethodNotFoundException: Method not found: class com.xworkz.real.dto.UserEntity.getPropertyType()
		at javax.el.Util.findWrapper(Util.java:371)
		at javax.el.Util.findMethod(Util.java:217)
		at javax.el.BeanELResolver.invoke(BeanELResolver.java:150)
		at org.apache.jasper.el.JasperELResolver.invoke(JasperELResolver.java:163)
		at org.apache.el.parser.AstValue.getValue(AstValue.java:159)
		at org.apache.el.ValueExpressionImpl.getValue(ValueExpressionImpl.java:190)
		at org.apache.jasper.runtime.PageContextImpl.proprietaryEvaluate(PageContextImpl.java:701)
		at org.apache.jsp.reviewProperty_jsp._jspx_meth_c_005fforEach_005f0(reviewProperty_jsp.java:504)
		at org.apache.jsp.reviewProperty_jsp._jspService(reviewProperty_jsp.java:352)
		at org.apache.jasper.runtime.HttpJspBase.service(HttpJspBase.java:71)
		at javax.servlet.http.HttpServlet.service(HttpServlet.java:733)
		at org.apache.jasper.servlet.JspServletWrapper.service(JspServletWrapper.java:477)
		at org.apache.jasper.servlet.JspServlet.serviceJspFile(JspServlet.java:385)
		at org.apache.jasper.servlet.JspServlet.service(JspServlet.java:329)
		at javax.servlet.http.HttpServlet.service(HttpServlet.java:733)
		at org.apache.catalina.core.ApplicationFilterChain.internalDoFilter(ApplicationFilterChain.java:231)
		at org.apache.catalina.core.ApplicationFilterChain.doFilter(ApplicationFilterChain.java:166)
		at org.apache.tomcat.websocket.server.WsFilter.doFilter(WsFilter.java:53)
		at org.apache.catalina.core.ApplicationFilterChain.internalDoFilter(ApplicationFilterChain.java:193)
		at org.apache.catalina.core.ApplicationFilterChain.doFilter(ApplicationFilterChain.java:166)
		at org.apache.catalina.core.ApplicationDispatcher.invoke(ApplicationDispatcher.java:712)
		at org.apache.catalina.core.ApplicationDispatcher.processRequest(ApplicationDispatcher.java:459)
		at org.apache.catalina.core.ApplicationDispatcher.doForward(ApplicationDispatcher.java:384)
		at org.apache.catalina.core.ApplicationDispatcher.forward(ApplicationDispatcher.java:312)
		at org.springframework.web.servlet.view.InternalResourceView.renderMergedOutputModel(InternalResourceView.java:171)
		at org.springframework.web.servlet.view.AbstractView.render(AbstractView.java:316)
		at org.springframework.web.servlet.DispatcherServlet.render(DispatcherServlet.java:1406)
		at org.springframework.web.servlet.DispatcherServlet.processDispatchResult(DispatcherServlet.java:1150)
		at org.springframework.web.servlet.DispatcherServlet.doDispatch(DispatcherServlet.java:1089)
		at org.springframework.web.servlet.DispatcherServlet.doService(DispatcherServlet.java:965)
		at org.springframework.web.servlet.FrameworkServlet.processRequest(FrameworkServlet.java:1006)
		at org.springframework.web.servlet.FrameworkServlet.doGet(FrameworkServlet.java:898)
		at javax.servlet.http.HttpServlet.service(HttpServlet.java:626)
		at org.springframework.web.servlet.FrameworkServlet.service(FrameworkServlet.java:883)
		at javax.servlet.http.HttpServlet.service(HttpServlet.java:733)
		at org.apache.catalina.core.ApplicationFilterChain.internalDoFilter(ApplicationFilterChain.java:231)
		at org.apache.catalina.core.ApplicationFilterChain.doFilter(ApplicationFilterChain.java:166)
		at org.apache.tomcat.websocket.server.WsFilter.doFilter(WsFilter.java:53)
		at org.apache.catalina.core.ApplicationFilterChain.internalDoFilter(ApplicationFilterChain.java:193)
		at org.apache.catalina.core.ApplicationFilterChain.doFilter(ApplicationFilterChain.java:166)
		at org.apache.catalina.core.StandardWrapperValve.invoke(StandardWrapperValve.java:202)
		at org.apache.catalina.core.StandardContextValve.invoke(StandardContextValve.java:97)
		at org.apache.catalina.authenticator.AuthenticatorBase.invoke(AuthenticatorBase.java:541)
		at org.apache.catalina.core.StandardHostValve.invoke(StandardHostValve.java:143)
		at org.apache.catalina.valves.ErrorReportValve.invoke(ErrorReportValve.java:92)
		at org.apache.catalina.valves.AbstractAccessLogValve.invoke(AbstractAccessLogValve.java:690)
		at org.apache.catalina.core.StandardEngineValve.invoke(StandardEngineValve.java:78)
		at org.apache.catalina.connector.CoyoteAdapter.service(CoyoteAdapter.java:343)
		at org.apache.coyote.http11.Http11Processor.service(Http11Processor.java:374)
		at org.apache.coyote.AbstractProcessorLight.process(AbstractProcessorLight.java:65)
		at org.apache.coyote.AbstractProtocol$ConnectionHandler.process(AbstractProtocol.java:868)
		at org.apache.tomcat.util.net.NioEndpoint$SocketProcessor.doRun(NioEndpoint.java:1590)
		at org.apache.tomcat.util.net.SocketProcessorBase.run(SocketProcessorBase.java:49)
		at java.base/java.util.concurrent.ThreadPoolExecutor.runWorker(ThreadPoolExecutor.java:1136)
		at java.base/java.util.concurrent.ThreadPoolExecutor$Worker.run(ThreadPoolExecutor.java:635)
		at org.apache.tomcat.util.threads.TaskThread$WrappingRunnable.run(TaskThread.java:61)
		at java.base/java.lang.Thread.run(Thread.java:833)
20-Jul-2024 15:02:01.115 SEVERE [http-nio-8080-exec-2] org.apache.catalina.core.ApplicationDispatcher.invoke Servlet.service() for servlet [jsp] threw exception
	javax.el.MethodNotFoundException: Method not found: class com.xworkz.real.dto.UserEntity.getPropertyType()
		at javax.el.Util.findWrapper(Util.java:371)
		at javax.el.Util.findMethod(Util.java:217)
		at javax.el.BeanELResolver.invoke(BeanELResolver.java:150)
		at org.apache.jasper.el.JasperELResolver.invoke(JasperELResolver.java:163)
		at org.apache.el.parser.AstValue.getValue(AstValue.java:159)
		at org.apache.el.ValueExpressionImpl.getValue(ValueExpressionImpl.java:190)
		at org.apache.jasper.runtime.PageContextImpl.proprietaryEvaluate(PageContextImpl.java:701)
		at org.apache.jsp.reviewProperty_jsp._jspx_meth_c_005fforEach_005f0(reviewProperty_jsp.java:504)
		at org.apache.jsp.reviewProperty_jsp._jspService(reviewProperty_jsp.java:352)
		at org.apache.jasper.runtime.HttpJspBase.service(HttpJspBase.java:71)
		at javax.servlet.http.HttpServlet.service(HttpServlet.java:733)
		at org.apache.jasper.servlet.JspServletWrapper.service(JspServletWrapper.java:477)
		at org.apache.jasper.servlet.JspServlet.serviceJspFile(JspServlet.java:385)
		at org.apache.jasper.servlet.JspServlet.service(JspServlet.java:329)
		at javax.servlet.http.HttpServlet.service(HttpServlet.java:733)
		at org.apache.catalina.core.ApplicationFilterChain.internalDoFilter(ApplicationFilterChain.java:231)
		at org.apache.catalina.core.ApplicationFilterChain.doFilter(ApplicationFilterChain.java:166)
		at org.apache.tomcat.websocket.server.WsFilter.doFilter(WsFilter.java:53)
		at org.apache.catalina.core.ApplicationFilterChain.internalDoFilter(ApplicationFilterChain.java:193)
		at org.apache.catalina.core.ApplicationFilterChain.doFilter(ApplicationFilterChain.java:166)
		at org.apache.catalina.core.ApplicationDispatcher.invoke(ApplicationDispatcher.java:712)
		at org.apache.catalina.core.ApplicationDispatcher.processRequest(ApplicationDispatcher.java:459)
		at org.apache.catalina.core.ApplicationDispatcher.doForward(ApplicationDispatcher.java:384)
		at org.apache.catalina.core.ApplicationDispatcher.forward(ApplicationDispatcher.java:312)
		at org.springframework.web.servlet.view.InternalResourceView.renderMergedOutputModel(InternalResourceView.java:171)
		at org.springframework.web.servlet.view.AbstractView.render(AbstractView.java:316)
		at org.springframework.web.servlet.DispatcherServlet.render(DispatcherServlet.java:1406)
		at org.springframework.web.servlet.DispatcherServlet.processDispatchResult(DispatcherServlet.java:1150)
		at org.springframework.web.servlet.DispatcherServlet.doDispatch(DispatcherServlet.java:1089)
		at org.springframework.web.servlet.DispatcherServlet.doService(DispatcherServlet.java:965)
		at org.springframework.web.servlet.FrameworkServlet.processRequest(FrameworkServlet.java:1006)
		at org.springframework.web.servlet.FrameworkServlet.doGet(FrameworkServlet.java:898)
		at javax.servlet.http.HttpServlet.service(HttpServlet.java:626)
		at org.springframework.web.servlet.FrameworkServlet.service(FrameworkServlet.java:883)
		at javax.servlet.http.HttpServlet.service(HttpServlet.java:733)
		at org.apache.catalina.core.ApplicationFilterChain.internalDoFilter(ApplicationFilterChain.java:231)
		at org.apache.catalina.core.ApplicationFilterChain.doFilter(ApplicationFilterChain.java:166)
		at org.apache.tomcat.websocket.server.WsFilter.doFilter(WsFilter.java:53)
		at org.apache.catalina.core.ApplicationFilterChain.internalDoFilter(ApplicationFilterChain.java:193)
		at org.apache.catalina.core.ApplicationFilterChain.doFilter(ApplicationFilterChain.java:166)
		at org.apache.catalina.core.StandardWrapperValve.invoke(StandardWrapperValve.java:202)
		at org.apache.catalina.core.StandardContextValve.invoke(StandardContextValve.java:97)
		at org.apache.catalina.authenticator.AuthenticatorBase.invoke(AuthenticatorBase.java:541)
		at org.apache.catalina.core.StandardHostValve.invoke(StandardHostValve.java:143)
		at org.apache.catalina.valves.ErrorReportValve.invoke(ErrorReportValve.java:92)
		at org.apache.catalina.valves.AbstractAccessLogValve.invoke(AbstractAccessLogValve.java:690)
		at org.apache.catalina.core.StandardEngineValve.invoke(StandardEngineValve.java:78)
		at org.apache.catalina.connector.CoyoteAdapter.service(CoyoteAdapter.java:343)
		at org.apache.coyote.http11.Http11Processor.service(Http11Processor.java:374)
		at org.apache.coyote.AbstractProcessorLight.process(AbstractProcessorLight.java:65)
		at org.apache.coyote.AbstractProtocol$ConnectionHandler.process(AbstractProtocol.java:868)
		at org.apache.tomcat.util.net.NioEndpoint$SocketProcessor.doRun(NioEndpoint.java:1590)
		at org.apache.tomcat.util.net.SocketProcessorBase.run(SocketProcessorBase.java:49)
		at java.base/java.util.concurrent.ThreadPoolExecutor.runWorker(ThreadPoolExecutor.java:1136)
		at java.base/java.util.concurrent.ThreadPoolExecutor$Worker.run(ThreadPoolExecutor.java:635)
		at org.apache.tomcat.util.threads.TaskThread$WrappingRunnable.run(TaskThread.java:61)
		at java.base/java.lang.Thread.run(Thread.java:833)
20-Jul-2024 15:02:01.115 SEVERE [http-nio-8080-exec-2] org.apache.catalina.core.StandardWrapperValve.invoke Servlet.service() for servlet [dispatcher] in context with path [/real-estate] threw exception [An exception occurred processing [/reviewProperty.jsp] at line [230]

227:                         <tr>
228:                             <td>${bidEntity.propertyEntities.getPropertyId()}</td>
229:                             <td>${bidEntity.propertyEntities.getPropertyName()}</td>
230:                             <td>${bidEntity.userEntities.getPropertyType()}</td>
231:                             <td>${bidEntity.userEntities.getPropertyAddress()}</td>
232:                             <td>${bidEntity.getPropertyArea()}</td>
233:                             <td>${bidEntity.getPropertyPrice()}</td>


Stacktrace:] with root cause
	javax.el.MethodNotFoundException: Method not found: class com.xworkz.real.dto.UserEntity.getPropertyType()
		at javax.el.Util.findWrapper(Util.java:371)
		at javax.el.Util.findMethod(Util.java:217)
		at javax.el.BeanELResolver.invoke(BeanELResolver.java:150)
		at org.apache.jasper.el.JasperELResolver.invoke(JasperELResolver.java:163)
		at org.apache.el.parser.AstValue.getValue(AstValue.java:159)
		at org.apache.el.ValueExpressionImpl.getValue(ValueExpressionImpl.java:190)
		at org.apache.jasper.runtime.PageContextImpl.proprietaryEvaluate(PageContextImpl.java:701)
		at org.apache.jsp.reviewProperty_jsp._jspx_meth_c_005fforEach_005f0(reviewProperty_jsp.java:504)
		at org.apache.jsp.reviewProperty_jsp._jspService(reviewProperty_jsp.java:352)
		at org.apache.jasper.runtime.HttpJspBase.service(HttpJspBase.java:71)
		at javax.servlet.http.HttpServlet.service(HttpServlet.java:733)
		at org.apache.jasper.servlet.JspServletWrapper.service(JspServletWrapper.java:477)
		at org.apache.jasper.servlet.JspServlet.serviceJspFile(JspServlet.java:385)
		at org.apache.jasper.servlet.JspServlet.service(JspServlet.java:329)
		at javax.servlet.http.HttpServlet.service(HttpServlet.java:733)
		at org.apache.catalina.core.ApplicationFilterChain.internalDoFilter(ApplicationFilterChain.java:231)
		at org.apache.catalina.core.ApplicationFilterChain.doFilter(ApplicationFilterChain.java:166)
		at org.apache.tomcat.websocket.server.WsFilter.doFilter(WsFilter.java:53)
		at org.apache.catalina.core.ApplicationFilterChain.internalDoFilter(ApplicationFilterChain.java:193)
		at org.apache.catalina.core.ApplicationFilterChain.doFilter(ApplicationFilterChain.java:166)
		at org.apache.catalina.core.ApplicationDispatcher.invoke(ApplicationDispatcher.java:712)
		at org.apache.catalina.core.ApplicationDispatcher.processRequest(ApplicationDispatcher.java:459)
		at org.apache.catalina.core.ApplicationDispatcher.doForward(ApplicationDispatcher.java:384)
		at org.apache.catalina.core.ApplicationDispatcher.forward(ApplicationDispatcher.java:312)
		at org.springframework.web.servlet.view.InternalResourceView.renderMergedOutputModel(InternalResourceView.java:171)
		at org.springframework.web.servlet.view.AbstractView.render(AbstractView.java:316)
		at org.springframework.web.servlet.DispatcherServlet.render(DispatcherServlet.java:1406)
		at org.springframework.web.servlet.DispatcherServlet.processDispatchResult(DispatcherServlet.java:1150)
		at org.springframework.web.servlet.DispatcherServlet.doDispatch(DispatcherServlet.java:1089)
		at org.springframework.web.servlet.DispatcherServlet.doService(DispatcherServlet.java:965)
		at org.springframework.web.servlet.FrameworkServlet.processRequest(FrameworkServlet.java:1006)
		at org.springframework.web.servlet.FrameworkServlet.doGet(FrameworkServlet.java:898)
		at javax.servlet.http.HttpServlet.service(HttpServlet.java:626)
		at org.springframework.web.servlet.FrameworkServlet.service(FrameworkServlet.java:883)
		at javax.servlet.http.HttpServlet.service(HttpServlet.java:733)
		at org.apache.catalina.core.ApplicationFilterChain.internalDoFilter(ApplicationFilterChain.java:231)
		at org.apache.catalina.core.ApplicationFilterChain.doFilter(ApplicationFilterChain.java:166)
		at org.apache.tomcat.websocket.server.WsFilter.doFilter(WsFilter.java:53)
		at org.apache.catalina.core.ApplicationFilterChain.internalDoFilter(ApplicationFilterChain.java:193)
		at org.apache.catalina.core.ApplicationFilterChain.doFilter(ApplicationFilterChain.java:166)
		at org.apache.catalina.core.StandardWrapperValve.invoke(StandardWrapperValve.java:202)
		at org.apache.catalina.core.StandardContextValve.invoke(StandardContextValve.java:97)
		at org.apache.catalina.authenticator.AuthenticatorBase.invoke(AuthenticatorBase.java:541)
		at org.apache.catalina.core.StandardHostValve.invoke(StandardHostValve.java:143)
		at org.apache.catalina.valves.ErrorReportValve.invoke(ErrorReportValve.java:92)
		at org.apache.catalina.valves.AbstractAccessLogValve.invoke(AbstractAccessLogValve.java:690)
		at org.apache.catalina.core.StandardEngineValve.invoke(StandardEngineValve.java:78)
		at org.apache.catalina.connector.CoyoteAdapter.service(CoyoteAdapter.java:343)
		at org.apache.coyote.http11.Http11Processor.service(Http11Processor.java:374)
		at org.apache.coyote.AbstractProcessorLight.process(AbstractProcessorLight.java:65)
		at org.apache.coyote.AbstractProtocol$ConnectionHandler.process(AbstractProtocol.java:868)
		at org.apache.tomcat.util.net.NioEndpoint$SocketProcessor.doRun(NioEndpoint.java:1590)
		at org.apache.tomcat.util.net.SocketProcessorBase.run(SocketProcessorBase.java:49)
		at java.base/java.util.concurrent.ThreadPoolExecutor.runWorker(ThreadPoolExecutor.java:1136)
		at java.base/java.util.concurrent.ThreadPoolExecutor$Worker.run(ThreadPoolExecutor.java:635)
		at org.apache.tomcat.util.threads.TaskThread$WrappingRunnable.run(TaskThread.java:61)
		at java.base/java.lang.Thread.run(Thread.java:833)
20-Jul-2024 15:02:01.115 SEVERE [http-nio-8080-exec-5] org.apache.catalina.core.StandardWrapperValve.invoke Servlet.service() for servlet [dispatcher] in context with path [/real-estate] threw exception [An exception occurred processing [/reviewProperty.jsp] at line [230]

227:                         <tr>
228:                             <td>${bidEntity.propertyEntities.getPropertyId()}</td>
229:                             <td>${bidEntity.propertyEntities.getPropertyName()}</td>
230:                             <td>${bidEntity.userEntities.getPropertyType()}</td>
231:                             <td>${bidEntity.userEntities.getPropertyAddress()}</td>
232:                             <td>${bidEntity.getPropertyArea()}</td>
233:                             <td>${bidEntity.getPropertyPrice()}</td>


Stacktrace:] with root cause
	javax.el.MethodNotFoundException: Method not found: class com.xworkz.real.dto.UserEntity.getPropertyType()
		at javax.el.Util.findWrapper(Util.java:371)
		at javax.el.Util.findMethod(Util.java:217)
		at javax.el.BeanELResolver.invoke(BeanELResolver.java:150)
		at org.apache.jasper.el.JasperELResolver.invoke(JasperELResolver.java:163)
		at org.apache.el.parser.AstValue.getValue(AstValue.java:159)
		at org.apache.el.ValueExpressionImpl.getValue(ValueExpressionImpl.java:190)
		at org.apache.jasper.runtime.PageContextImpl.proprietaryEvaluate(PageContextImpl.java:701)
		at org.apache.jsp.reviewProperty_jsp._jspx_meth_c_005fforEach_005f0(reviewProperty_jsp.java:504)
		at org.apache.jsp.reviewProperty_jsp._jspService(reviewProperty_jsp.java:352)
		at org.apache.jasper.runtime.HttpJspBase.service(HttpJspBase.java:71)
		at javax.servlet.http.HttpServlet.service(HttpServlet.java:733)
		at org.apache.jasper.servlet.JspServletWrapper.service(JspServletWrapper.java:477)
		at org.apache.jasper.servlet.JspServlet.serviceJspFile(JspServlet.java:385)
		at org.apache.jasper.servlet.JspServlet.service(JspServlet.java:329)
		at javax.servlet.http.HttpServlet.service(HttpServlet.java:733)
		at org.apache.catalina.core.ApplicationFilterChain.internalDoFilter(ApplicationFilterChain.java:231)
		at org.apache.catalina.core.ApplicationFilterChain.doFilter(ApplicationFilterChain.java:166)
		at org.apache.tomcat.websocket.server.WsFilter.doFilter(WsFilter.java:53)
		at org.apache.catalina.core.ApplicationFilterChain.internalDoFilter(ApplicationFilterChain.java:193)
		at org.apache.catalina.core.ApplicationFilterChain.doFilter(ApplicationFilterChain.java:166)
		at org.apache.catalina.core.ApplicationDispatcher.invoke(ApplicationDispatcher.java:712)
		at org.apache.catalina.core.ApplicationDispatcher.processRequest(ApplicationDispatcher.java:459)
		at org.apache.catalina.core.ApplicationDispatcher.doForward(ApplicationDispatcher.java:384)
		at org.apache.catalina.core.ApplicationDispatcher.forward(ApplicationDispatcher.java:312)
		at org.springframework.web.servlet.view.InternalResourceView.renderMergedOutputModel(InternalResourceView.java:171)
		at org.springframework.web.servlet.view.AbstractView.render(AbstractView.java:316)
		at org.springframework.web.servlet.DispatcherServlet.render(DispatcherServlet.java:1406)
		at org.springframework.web.servlet.DispatcherServlet.processDispatchResult(DispatcherServlet.java:1150)
		at org.springframework.web.servlet.DispatcherServlet.doDispatch(DispatcherServlet.java:1089)
		at org.springframework.web.servlet.DispatcherServlet.doService(DispatcherServlet.java:965)
		at org.springframework.web.servlet.FrameworkServlet.processRequest(FrameworkServlet.java:1006)
		at org.springframework.web.servlet.FrameworkServlet.doGet(FrameworkServlet.java:898)
		at javax.servlet.http.HttpServlet.service(HttpServlet.java:626)
		at org.springframework.web.servlet.FrameworkServlet.service(FrameworkServlet.java:883)
		at javax.servlet.http.HttpServlet.service(HttpServlet.java:733)
		at org.apache.catalina.core.ApplicationFilterChain.internalDoFilter(ApplicationFilterChain.java:231)
		at org.apache.catalina.core.ApplicationFilterChain.doFilter(ApplicationFilterChain.java:166)
		at org.apache.tomcat.websocket.server.WsFilter.doFilter(WsFilter.java:53)
		at org.apache.catalina.core.ApplicationFilterChain.internalDoFilter(ApplicationFilterChain.java:193)
		at org.apache.catalina.core.ApplicationFilterChain.doFilter(ApplicationFilterChain.java:166)
		at org.apache.catalina.core.StandardWrapperValve.invoke(StandardWrapperValve.java:202)
		at org.apache.catalina.core.StandardContextValve.invoke(StandardContextValve.java:97)
		at org.apache.catalina.authenticator.AuthenticatorBase.invoke(AuthenticatorBase.java:541)
		at org.apache.catalina.core.StandardHostValve.invoke(StandardHostValve.java:143)
		at org.apache.catalina.valves.ErrorReportValve.invoke(ErrorReportValve.java:92)
		at org.apache.catalina.valves.AbstractAccessLogValve.invoke(AbstractAccessLogValve.java:690)
		at org.apache.catalina.core.StandardEngineValve.invoke(StandardEngineValve.java:78)
		at org.apache.catalina.connector.CoyoteAdapter.service(CoyoteAdapter.java:343)
		at org.apache.coyote.http11.Http11Processor.service(Http11Processor.java:374)
		at org.apache.coyote.AbstractProcessorLight.process(AbstractProcessorLight.java:65)
		at org.apache.coyote.AbstractProtocol$ConnectionHandler.process(AbstractProtocol.java:868)
		at org.apache.tomcat.util.net.NioEndpoint$SocketProcessor.doRun(NioEndpoint.java:1590)
		at org.apache.tomcat.util.net.SocketProcessorBase.run(SocketProcessorBase.java:49)
		at java.base/java.util.concurrent.ThreadPoolExecutor.runWorker(ThreadPoolExecutor.java:1136)
		at java.base/java.util.concurrent.ThreadPoolExecutor$Worker.run(ThreadPoolExecutor.java:635)
		at org.apache.tomcat.util.threads.TaskThread$WrappingRunnable.run(TaskThread.java:61)
		at java.base/java.lang.Thread.run(Thread.java:833)
20-Jul-2024 15:02:01.115 SEVERE [http-nio-8080-exec-1] org.apache.catalina.core.StandardWrapperValve.invoke Servlet.service() for servlet [dispatcher] in context with path [/real-estate] threw exception [An exception occurred processing [/reviewProperty.jsp] at line [230]

227:                         <tr>
228:                             <td>${bidEntity.propertyEntities.getPropertyId()}</td>
229:                             <td>${bidEntity.propertyEntities.getPropertyName()}</td>
230:                             <td>${bidEntity.userEntities.getPropertyType()}</td>
231:                             <td>${bidEntity.userEntities.getPropertyAddress()}</td>
232:                             <td>${bidEntity.getPropertyArea()}</td>
233:                             <td>${bidEntity.getPropertyPrice()}</td>


Stacktrace:] with root cause
	javax.el.MethodNotFoundException: Method not found: class com.xworkz.real.dto.UserEntity.getPropertyType()
		at javax.el.Util.findWrapper(Util.java:371)
		at javax.el.Util.findMethod(Util.java:217)
		at javax.el.BeanELResolver.invoke(BeanELResolver.java:150)
		at org.apache.jasper.el.JasperELResolver.invoke(JasperELResolver.java:163)
		at org.apache.el.parser.AstValue.getValue(AstValue.java:159)
		at org.apache.el.ValueExpressionImpl.getValue(ValueExpressionImpl.java:190)
		at org.apache.jasper.runtime.PageContextImpl.proprietaryEvaluate(PageContextImpl.java:701)
		at org.apache.jsp.reviewProperty_jsp._jspx_meth_c_005fforEach_005f0(reviewProperty_jsp.java:504)
		at org.apache.jsp.reviewProperty_jsp._jspService(reviewProperty_jsp.java:352)
		at org.apache.jasper.runtime.HttpJspBase.service(HttpJspBase.java:71)
		at javax.servlet.http.HttpServlet.service(HttpServlet.java:733)
		at org.apache.jasper.servlet.JspServletWrapper.service(JspServletWrapper.java:477)
		at org.apache.jasper.servlet.JspServlet.serviceJspFile(JspServlet.java:385)
		at org.apache.jasper.servlet.JspServlet.service(JspServlet.java:329)
		at javax.servlet.http.HttpServlet.service(HttpServlet.java:733)
		at org.apache.catalina.core.ApplicationFilterChain.internalDoFilter(ApplicationFilterChain.java:231)
		at org.apache.catalina.core.ApplicationFilterChain.doFilter(ApplicationFilterChain.java:166)
		at org.apache.tomcat.websocket.server.WsFilter.doFilter(WsFilter.java:53)
		at org.apache.catalina.core.ApplicationFilterChain.internalDoFilter(ApplicationFilterChain.java:193)
		at org.apache.catalina.core.ApplicationFilterChain.doFilter(ApplicationFilterChain.java:166)
		at org.apache.catalina.core.ApplicationDispatcher.invoke(ApplicationDispatcher.java:712)
		at org.apache.catalina.core.ApplicationDispatcher.processRequest(ApplicationDispatcher.java:459)
		at org.apache.catalina.core.ApplicationDispatcher.doForward(ApplicationDispatcher.java:384)
		at org.apache.catalina.core.ApplicationDispatcher.forward(ApplicationDispatcher.java:312)
		at org.springframework.web.servlet.view.InternalResourceView.renderMergedOutputModel(InternalResourceView.java:171)
		at org.springframework.web.servlet.view.AbstractView.render(AbstractView.java:316)
		at org.springframework.web.servlet.DispatcherServlet.render(DispatcherServlet.java:1406)
		at org.springframework.web.servlet.DispatcherServlet.processDispatchResult(DispatcherServlet.java:1150)
		at org.springframework.web.servlet.DispatcherServlet.doDispatch(DispatcherServlet.java:1089)
		at org.springframework.web.servlet.DispatcherServlet.doService(DispatcherServlet.java:965)
		at org.springframework.web.servlet.FrameworkServlet.processRequest(FrameworkServlet.java:1006)
		at org.springframework.web.servlet.FrameworkServlet.doGet(FrameworkServlet.java:898)
		at javax.servlet.http.HttpServlet.service(HttpServlet.java:626)
		at org.springframework.web.servlet.FrameworkServlet.service(FrameworkServlet.java:883)
		at javax.servlet.http.HttpServlet.service(HttpServlet.java:733)
		at org.apache.catalina.core.ApplicationFilterChain.internalDoFilter(ApplicationFilterChain.java:231)
		at org.apache.catalina.core.ApplicationFilterChain.doFilter(ApplicationFilterChain.java:166)
		at org.apache.tomcat.websocket.server.WsFilter.doFilter(WsFilter.java:53)
		at org.apache.catalina.core.ApplicationFilterChain.internalDoFilter(ApplicationFilterChain.java:193)
		at org.apache.catalina.core.ApplicationFilterChain.doFilter(ApplicationFilterChain.java:166)
		at org.apache.catalina.core.StandardWrapperValve.invoke(StandardWrapperValve.java:202)
		at org.apache.catalina.core.StandardContextValve.invoke(StandardContextValve.java:97)
		at org.apache.catalina.authenticator.AuthenticatorBase.invoke(AuthenticatorBase.java:541)
		at org.apache.catalina.core.StandardHostValve.invoke(StandardHostValve.java:143)
		at org.apache.catalina.valves.ErrorReportValve.invoke(ErrorReportValve.java:92)
		at org.apache.catalina.valves.AbstractAccessLogValve.invoke(AbstractAccessLogValve.java:690)
		at org.apache.catalina.core.StandardEngineValve.invoke(StandardEngineValve.java:78)
		at org.apache.catalina.connector.CoyoteAdapter.service(CoyoteAdapter.java:343)
		at org.apache.coyote.http11.Http11Processor.service(Http11Processor.java:374)
		at org.apache.coyote.AbstractProcessorLight.process(AbstractProcessorLight.java:65)
		at org.apache.coyote.AbstractProtocol$ConnectionHandler.process(AbstractProtocol.java:868)
		at org.apache.tomcat.util.net.NioEndpoint$SocketProcessor.doRun(NioEndpoint.java:1590)
		at org.apache.tomcat.util.net.SocketProcessorBase.run(SocketProcessorBase.java:49)
		at java.base/java.util.concurrent.ThreadPoolExecutor.runWorker(ThreadPoolExecutor.java:1136)
		at java.base/java.util.concurrent.ThreadPoolExecutor$Worker.run(ThreadPoolExecutor.java:635)
		at org.apache.tomcat.util.threads.TaskThread$WrappingRunnable.run(TaskThread.java:61)
		at java.base/java.lang.Thread.run(Thread.java:833)
20-Jul-2024 15:02:01.229 SEVERE [http-nio-8080-exec-9] org.apache.catalina.core.ApplicationDispatcher.invoke Servlet.service() for servlet [jsp] threw exception
	javax.el.MethodNotFoundException: Method not found: class com.xworkz.real.dto.UserEntity.getPropertyType()
		at javax.el.Util.findWrapper(Util.java:371)
		at javax.el.Util.findMethod(Util.java:217)
		at javax.el.BeanELResolver.invoke(BeanELResolver.java:150)
		at org.apache.jasper.el.JasperELResolver.invoke(JasperELResolver.java:163)
		at org.apache.el.parser.AstValue.getValue(AstValue.java:159)
		at org.apache.el.ValueExpressionImpl.getValue(ValueExpressionImpl.java:190)
		at org.apache.jasper.runtime.PageContextImpl.proprietaryEvaluate(PageContextImpl.java:701)
		at org.apache.jsp.reviewProperty_jsp._jspx_meth_c_005fforEach_005f0(reviewProperty_jsp.java:504)
		at org.apache.jsp.reviewProperty_jsp._jspService(reviewProperty_jsp.java:352)
		at org.apache.jasper.runtime.HttpJspBase.service(HttpJspBase.java:71)
		at javax.servlet.http.HttpServlet.service(HttpServlet.java:733)
		at org.apache.jasper.servlet.JspServletWrapper.service(JspServletWrapper.java:477)
		at org.apache.jasper.servlet.JspServlet.serviceJspFile(JspServlet.java:385)
		at org.apache.jasper.servlet.JspServlet.service(JspServlet.java:329)
		at javax.servlet.http.HttpServlet.service(HttpServlet.java:733)
		at org.apache.catalina.core.ApplicationFilterChain.internalDoFilter(ApplicationFilterChain.java:231)
		at org.apache.catalina.core.ApplicationFilterChain.doFilter(ApplicationFilterChain.java:166)
		at org.apache.tomcat.websocket.server.WsFilter.doFilter(WsFilter.java:53)
		at org.apache.catalina.core.ApplicationFilterChain.internalDoFilter(ApplicationFilterChain.java:193)
		at org.apache.catalina.core.ApplicationFilterChain.doFilter(ApplicationFilterChain.java:166)
		at org.apache.catalina.core.ApplicationDispatcher.invoke(ApplicationDispatcher.java:712)
		at org.apache.catalina.core.ApplicationDispatcher.processRequest(ApplicationDispatcher.java:459)
		at org.apache.catalina.core.ApplicationDispatcher.doForward(ApplicationDispatcher.java:384)
		at org.apache.catalina.core.ApplicationDispatcher.forward(ApplicationDispatcher.java:312)
		at org.springframework.web.servlet.view.InternalResourceView.renderMergedOutputModel(InternalResourceView.java:171)
		at org.springframework.web.servlet.view.AbstractView.render(AbstractView.java:316)
		at org.springframework.web.servlet.DispatcherServlet.render(DispatcherServlet.java:1406)
		at org.springframework.web.servlet.DispatcherServlet.processDispatchResult(DispatcherServlet.java:1150)
		at org.springframework.web.servlet.DispatcherServlet.doDispatch(DispatcherServlet.java:1089)
		at org.springframework.web.servlet.DispatcherServlet.doService(DispatcherServlet.java:965)
		at org.springframework.web.servlet.FrameworkServlet.processRequest(FrameworkServlet.java:1006)
		at org.springframework.web.servlet.FrameworkServlet.doGet(FrameworkServlet.java:898)
		at javax.servlet.http.HttpServlet.service(HttpServlet.java:626)
		at org.springframework.web.servlet.FrameworkServlet.service(FrameworkServlet.java:883)
		at javax.servlet.http.HttpServlet.service(HttpServlet.java:733)
		at org.apache.catalina.core.ApplicationFilterChain.internalDoFilter(ApplicationFilterChain.java:231)
		at org.apache.catalina.core.ApplicationFilterChain.doFilter(ApplicationFilterChain.java:166)
		at org.apache.tomcat.websocket.server.WsFilter.doFilter(WsFilter.java:53)
		at org.apache.catalina.core.ApplicationFilterChain.internalDoFilter(ApplicationFilterChain.java:193)
		at org.apache.catalina.core.ApplicationFilterChain.doFilter(ApplicationFilterChain.java:166)
		at org.apache.catalina.core.StandardWrapperValve.invoke(StandardWrapperValve.java:202)
		at org.apache.catalina.core.StandardContextValve.invoke(StandardContextValve.java:97)
		at org.apache.catalina.authenticator.AuthenticatorBase.invoke(AuthenticatorBase.java:541)
		at org.apache.catalina.core.StandardHostValve.invoke(StandardHostValve.java:143)
		at org.apache.catalina.valves.ErrorReportValve.invoke(ErrorReportValve.java:92)
		at org.apache.catalina.valves.AbstractAccessLogValve.invoke(AbstractAccessLogValve.java:690)
		at org.apache.catalina.core.StandardEngineValve.invoke(StandardEngineValve.java:78)
		at org.apache.catalina.connector.CoyoteAdapter.service(CoyoteAdapter.java:343)
		at org.apache.coyote.http11.Http11Processor.service(Http11Processor.java:374)
		at org.apache.coyote.AbstractProcessorLight.process(AbstractProcessorLight.java:65)
		at org.apache.coyote.AbstractProtocol$ConnectionHandler.process(AbstractProtocol.java:868)
		at org.apache.tomcat.util.net.NioEndpoint$SocketProcessor.doRun(NioEndpoint.java:1590)
		at org.apache.tomcat.util.net.SocketProcessorBase.run(SocketProcessorBase.java:49)
		at java.base/java.util.concurrent.ThreadPoolExecutor.runWorker(ThreadPoolExecutor.java:1136)
		at java.base/java.util.concurrent.ThreadPoolExecutor$Worker.run(ThreadPoolExecutor.java:635)
		at org.apache.tomcat.util.threads.TaskThread$WrappingRunnable.run(TaskThread.java:61)
		at java.base/java.lang.Thread.run(Thread.java:833)
20-Jul-2024 15:02:01.230 SEVERE [http-nio-8080-exec-9] org.apache.catalina.core.StandardWrapperValve.invoke Servlet.service() for servlet [dispatcher] in context with path [/real-estate] threw exception [An exception occurred processing [/reviewProperty.jsp] at line [230]

227:                         <tr>
228:                             <td>${bidEntity.propertyEntities.getPropertyId()}</td>
229:                             <td>${bidEntity.propertyEntities.getPropertyName()}</td>
230:                             <td>${bidEntity.userEntities.getPropertyType()}</td>
231:                             <td>${bidEntity.userEntities.getPropertyAddress()}</td>
232:                             <td>${bidEntity.getPropertyArea()}</td>
233:                             <td>${bidEntity.getPropertyPrice()}</td>


Stacktrace:] with root cause
	javax.el.MethodNotFoundException: Method not found: class com.xworkz.real.dto.UserEntity.getPropertyType()
		at javax.el.Util.findWrapper(Util.java:371)
		at javax.el.Util.findMethod(Util.java:217)
		at javax.el.BeanELResolver.invoke(BeanELResolver.java:150)
		at org.apache.jasper.el.JasperELResolver.invoke(JasperELResolver.java:163)
		at org.apache.el.parser.AstValue.getValue(AstValue.java:159)
		at org.apache.el.ValueExpressionImpl.getValue(ValueExpressionImpl.java:190)
		at org.apache.jasper.runtime.PageContextImpl.proprietaryEvaluate(PageContextImpl.java:701)
		at org.apache.jsp.reviewProperty_jsp._jspx_meth_c_005fforEach_005f0(reviewProperty_jsp.java:504)
		at org.apache.jsp.reviewProperty_jsp._jspService(reviewProperty_jsp.java:352)
		at org.apache.jasper.runtime.HttpJspBase.service(HttpJspBase.java:71)
		at javax.servlet.http.HttpServlet.service(HttpServlet.java:733)
		at org.apache.jasper.servlet.JspServletWrapper.service(JspServletWrapper.java:477)
		at org.apache.jasper.servlet.JspServlet.serviceJspFile(JspServlet.java:385)
		at org.apache.jasper.servlet.JspServlet.service(JspServlet.java:329)
		at javax.servlet.http.HttpServlet.service(HttpServlet.java:733)
		at org.apache.catalina.core.ApplicationFilterChain.internalDoFilter(ApplicationFilterChain.java:231)
		at org.apache.catalina.core.ApplicationFilterChain.doFilter(ApplicationFilterChain.java:166)
		at org.apache.tomcat.websocket.server.WsFilter.doFilter(WsFilter.java:53)
		at org.apache.catalina.core.ApplicationFilterChain.internalDoFilter(ApplicationFilterChain.java:193)
		at org.apache.catalina.core.ApplicationFilterChain.doFilter(ApplicationFilterChain.java:166)
		at org.apache.catalina.core.ApplicationDispatcher.invoke(ApplicationDispatcher.java:712)
		at org.apache.catalina.core.ApplicationDispatcher.processRequest(ApplicationDispatcher.java:459)
		at org.apache.catalina.core.ApplicationDispatcher.doForward(ApplicationDispatcher.java:384)
		at org.apache.catalina.core.ApplicationDispatcher.forward(ApplicationDispatcher.java:312)
		at org.springframework.web.servlet.view.InternalResourceView.renderMergedOutputModel(InternalResourceView.java:171)
		at org.springframework.web.servlet.view.AbstractView.render(AbstractView.java:316)
		at org.springframework.web.servlet.DispatcherServlet.render(DispatcherServlet.java:1406)
		at org.springframework.web.servlet.DispatcherServlet.processDispatchResult(DispatcherServlet.java:1150)
		at org.springframework.web.servlet.DispatcherServlet.doDispatch(DispatcherServlet.java:1089)
		at org.springframework.web.servlet.DispatcherServlet.doService(DispatcherServlet.java:965)
		at org.springframework.web.servlet.FrameworkServlet.processRequest(FrameworkServlet.java:1006)
		at org.springframework.web.servlet.FrameworkServlet.doGet(FrameworkServlet.java:898)
		at javax.servlet.http.HttpServlet.service(HttpServlet.java:626)
		at org.springframework.web.servlet.FrameworkServlet.service(FrameworkServlet.java:883)
		at javax.servlet.http.HttpServlet.service(HttpServlet.java:733)
		at org.apache.catalina.core.ApplicationFilterChain.internalDoFilter(ApplicationFilterChain.java:231)
		at org.apache.catalina.core.ApplicationFilterChain.doFilter(ApplicationFilterChain.java:166)
		at org.apache.tomcat.websocket.server.WsFilter.doFilter(WsFilter.java:53)
		at org.apache.catalina.core.ApplicationFilterChain.internalDoFilter(ApplicationFilterChain.java:193)
		at org.apache.catalina.core.ApplicationFilterChain.doFilter(ApplicationFilterChain.java:166)
		at org.apache.catalina.core.StandardWrapperValve.invoke(StandardWrapperValve.java:202)
		at org.apache.catalina.core.StandardContextValve.invoke(StandardContextValve.java:97)
		at org.apache.catalina.authenticator.AuthenticatorBase.invoke(AuthenticatorBase.java:541)
		at org.apache.catalina.core.StandardHostValve.invoke(StandardHostValve.java:143)
		at org.apache.catalina.valves.ErrorReportValve.invoke(ErrorReportValve.java:92)
		at org.apache.catalina.valves.AbstractAccessLogValve.invoke(AbstractAccessLogValve.java:690)
		at org.apache.catalina.core.StandardEngineValve.invoke(StandardEngineValve.java:78)
		at org.apache.catalina.connector.CoyoteAdapter.service(CoyoteAdapter.java:343)
		at org.apache.coyote.http11.Http11Processor.service(Http11Processor.java:374)
		at org.apache.coyote.AbstractProcessorLight.process(AbstractProcessorLight.java:65)
		at org.apache.coyote.AbstractProtocol$ConnectionHandler.process(AbstractProtocol.java:868)
		at org.apache.tomcat.util.net.NioEndpoint$SocketProcessor.doRun(NioEndpoint.java:1590)
		at org.apache.tomcat.util.net.SocketProcessorBase.run(SocketProcessorBase.java:49)
		at java.base/java.util.concurrent.ThreadPoolExecutor.runWorker(ThreadPoolExecutor.java:1136)
		at java.base/java.util.concurrent.ThreadPoolExecutor$Worker.run(ThreadPoolExecutor.java:635)
		at org.apache.tomcat.util.threads.TaskThread$WrappingRunnable.run(TaskThread.java:61)
		at java.base/java.lang.Thread.run(Thread.java:833)
20-Jul-2024 15:04:19.191 INFO [Thread-3] org.apache.catalina.core.ApplicationContext.log Destroying Spring FrameworkServlet 'dispatcher'
