17-Jul-2024 11:35:21.168 INFO [main] org.apache.catalina.core.ApplicationContext.log 2 Spring WebApplicationInitializers detected on classpath
17-Jul-2024 11:35:21.324 INFO [main] org.apache.catalina.core.ApplicationContext.log Initializing Spring DispatcherServlet 'dispatcher'
17-Jul-2024 14:22:59.815 INFO [Thread-3] org.apache.catalina.core.ApplicationContext.log Destroying Spring FrameworkServlet 'dispatcher'
17-Jul-2024 14:23:14.232 INFO [main] org.apache.catalina.core.ApplicationContext.log 2 Spring WebApplicationInitializers detected on classpath
17-Jul-2024 14:23:14.396 INFO [main] org.apache.catalina.core.ApplicationContext.log Initializing Spring DispatcherServlet 'dispatcher'
17-Jul-2024 15:36:11.039 INFO [Thread-3] org.apache.catalina.core.ApplicationContext.log Destroying Spring FrameworkServlet 'dispatcher'
17-Jul-2024 15:36:21.691 INFO [main] org.apache.catalina.core.ApplicationContext.log 2 Spring WebApplicationInitializers detected on classpath
17-Jul-2024 15:36:21.831 INFO [main] org.apache.catalina.core.ApplicationContext.log Initializing Spring DispatcherServlet 'dispatcher'
17-Jul-2024 16:15:03.301 SEVERE [http-nio-8080-exec-6] org.apache.catalina.core.StandardWrapperValve.invoke Servlet.service() for servlet [jsp] in context with path [/real-estate] threw exception [org.apache.jasper.JasperException: javax.el.ELException: Failed to parse the expression [${}]] with root cause
	org.apache.el.parser.ParseException: Encountered " "}" "} "" at line 1, column 3.
Was expecting one of:
    "{" ...
    <INTEGER_LITERAL> ...
    <FLOATING_POINT_LITERAL> ...
    <STRING_LITERAL> ...
    "true" ...
    "false" ...
    "null" ...
    "(" ...
    "[" ...
    "!" ...
    "not" ...
    "empty" ...
    "-" ...
    <IDENTIFIER> ...
    <IDENTIFIER> ...
    "(" ...
    
		at org.apache.el.parser.ELParser.generateParseException(ELParser.java:3090)
		at org.apache.el.parser.ELParser.jj_consume_token(ELParser.java:2963)
		at org.apache.el.parser.ELParser.Assignment(ELParser.java:280)
		at org.apache.el.parser.ELParser.Semicolon(ELParser.java:182)
		at org.apache.el.parser.ELParser.Expression(ELParser.java:175)
		at org.apache.el.parser.ELParser.DynamicExpression(ELParser.java:147)
		at org.apache.el.parser.ELParser.CompositeExpression(ELParser.java:44)
		at org.apache.el.lang.ExpressionBuilder.createNodeInternal(ExpressionBuilder.java:118)
		at org.apache.el.lang.ExpressionBuilder.build(ExpressionBuilder.java:178)
		at org.apache.el.lang.ExpressionBuilder.createValueExpression(ExpressionBuilder.java:242)
		at org.apache.el.ExpressionFactoryImpl.createValueExpression(ExpressionFactoryImpl.java:67)
		at org.apache.jasper.compiler.Validator$ValidateVisitor.prepareExpression(Validator.java:1630)
		at org.apache.jasper.compiler.Validator$ValidateVisitor.visit(Validator.java:759)
		at org.apache.jasper.compiler.Node$ELExpression.accept(Node.java:958)
		at org.apache.jasper.compiler.Node$Nodes.visit(Node.java:2389)
		at org.apache.jasper.compiler.Node$Visitor.visitBody(Node.java:2441)
		at org.apache.jasper.compiler.Node$Visitor.visit(Node.java:2447)
		at org.apache.jasper.compiler.Node$Root.accept(Node.java:470)
		at org.apache.jasper.compiler.Node$Nodes.visit(Node.java:2389)
		at org.apache.jasper.compiler.Validator.validateExDirectives(Validator.java:1857)
		at org.apache.jasper.compiler.Compiler.generateJava(Compiler.java:224)
		at org.apache.jasper.compiler.Compiler.compile(Compiler.java:386)
		at org.apache.jasper.compiler.Compiler.compile(Compiler.java:362)
		at org.apache.jasper.compiler.Compiler.compile(Compiler.java:346)
		at org.apache.jasper.JspCompilationContext.compile(JspCompilationContext.java:605)
		at org.apache.jasper.servlet.JspServletWrapper.service(JspServletWrapper.java:400)
		at org.apache.jasper.servlet.JspServlet.serviceJspFile(JspServlet.java:385)
		at org.apache.jasper.servlet.JspServlet.service(JspServlet.java:329)
		at javax.servlet.http.HttpServlet.service(HttpServlet.java:733)
		at org.apache.catalina.core.ApplicationFilterChain.internalDoFilter(ApplicationFilterChain.java:231)
		at org.apache.catalina.core.ApplicationFilterChain.doFilter(ApplicationFilterChain.java:166)
		at org.apache.tomcat.websocket.server.WsFilter.doFilter(WsFilter.java:53)
		at org.apache.catalina.core.ApplicationFilterChain.internalDoFilter(ApplicationFilterChain.java:193)
		at org.apache.catalina.core.ApplicationFilterChain.doFilter(ApplicationFilterChain.java:166)
		at org.apache.catalina.core.StandardWrapperValve.invoke(StandardWrapperValve.java:202)
		at org.apache.catalina.core.StandardContextValve.invoke(StandardContextValve.java:97)
		at org.apache.catalina.authenticator.AuthenticatorBase.invoke(AuthenticatorBase.java:541)
		at org.apache.catalina.core.StandardHostValve.invoke(StandardHostValve.java:143)
		at org.apache.catalina.valves.ErrorReportValve.invoke(ErrorReportValve.java:92)
		at org.apache.catalina.valves.AbstractAccessLogValve.invoke(AbstractAccessLogValve.java:690)
		at org.apache.catalina.core.StandardEngineValve.invoke(StandardEngineValve.java:78)
		at org.apache.catalina.connector.CoyoteAdapter.service(CoyoteAdapter.java:343)
		at org.apache.coyote.http11.Http11Processor.service(Http11Processor.java:374)
		at org.apache.coyote.AbstractProcessorLight.process(AbstractProcessorLight.java:65)
		at org.apache.coyote.AbstractProtocol$ConnectionHandler.process(AbstractProtocol.java:868)
		at org.apache.tomcat.util.net.NioEndpoint$SocketProcessor.doRun(NioEndpoint.java:1590)
		at org.apache.tomcat.util.net.SocketProcessorBase.run(SocketProcessorBase.java:49)
		at java.base/java.util.concurrent.ThreadPoolExecutor.runWorker(ThreadPoolExecutor.java:1136)
		at java.base/java.util.concurrent.ThreadPoolExecutor$Worker.run(ThreadPoolExecutor.java:635)
		at org.apache.tomcat.util.threads.TaskThread$WrappingRunnable.run(TaskThread.java:61)
		at java.base/java.lang.Thread.run(Thread.java:833)
17-Jul-2024 16:15:14.196 INFO [Thread-3] org.apache.catalina.core.ApplicationContext.log Destroying Spring FrameworkServlet 'dispatcher'
17-Jul-2024 16:15:21.321 INFO [main] org.apache.catalina.core.ApplicationContext.log 2 Spring WebApplicationInitializers detected on classpath
17-Jul-2024 16:15:21.460 INFO [main] org.apache.catalina.core.ApplicationContext.log Initializing Spring DispatcherServlet 'dispatcher'
17-Jul-2024 16:16:12.861 SEVERE [http-nio-8080-exec-1] org.apache.catalina.core.StandardWrapperValve.invoke Servlet.service() for servlet [jsp] in context with path [/real-estate] threw exception [org.apache.jasper.JasperException: javax.el.ELException: Failed to parse the expression [${}]] with root cause
	org.apache.el.parser.ParseException: Encountered " "}" "} "" at line 1, column 3.
Was expecting one of:
    "{" ...
    <INTEGER_LITERAL> ...
    <FLOATING_POINT_LITERAL> ...
    <STRING_LITERAL> ...
    "true" ...
    "false" ...
    "null" ...
    "(" ...
    "[" ...
    "!" ...
    "not" ...
    "empty" ...
    "-" ...
    <IDENTIFIER> ...
    <IDENTIFIER> ...
    "(" ...
    
		at org.apache.el.parser.ELParser.generateParseException(ELParser.java:3090)
		at org.apache.el.parser.ELParser.jj_consume_token(ELParser.java:2963)
		at org.apache.el.parser.ELParser.Assignment(ELParser.java:280)
		at org.apache.el.parser.ELParser.Semicolon(ELParser.java:182)
		at org.apache.el.parser.ELParser.Expression(ELParser.java:175)
		at org.apache.el.parser.ELParser.DynamicExpression(ELParser.java:147)
		at org.apache.el.parser.ELParser.CompositeExpression(ELParser.java:44)
		at org.apache.el.lang.ExpressionBuilder.createNodeInternal(ExpressionBuilder.java:118)
		at org.apache.el.lang.ExpressionBuilder.build(ExpressionBuilder.java:178)
		at org.apache.el.lang.ExpressionBuilder.createValueExpression(ExpressionBuilder.java:242)
		at org.apache.el.ExpressionFactoryImpl.createValueExpression(ExpressionFactoryImpl.java:67)
		at org.apache.jasper.compiler.Validator$ValidateVisitor.prepareExpression(Validator.java:1630)
		at org.apache.jasper.compiler.Validator$ValidateVisitor.visit(Validator.java:759)
		at org.apache.jasper.compiler.Node$ELExpression.accept(Node.java:958)
		at org.apache.jasper.compiler.Node$Nodes.visit(Node.java:2389)
		at org.apache.jasper.compiler.Node$Visitor.visitBody(Node.java:2441)
		at org.apache.jasper.compiler.Node$Visitor.visit(Node.java:2447)
		at org.apache.jasper.compiler.Node$Root.accept(Node.java:470)
		at org.apache.jasper.compiler.Node$Nodes.visit(Node.java:2389)
		at org.apache.jasper.compiler.Validator.validateExDirectives(Validator.java:1857)
		at org.apache.jasper.compiler.Compiler.generateJava(Compiler.java:224)
		at org.apache.jasper.compiler.Compiler.compile(Compiler.java:386)
		at org.apache.jasper.compiler.Compiler.compile(Compiler.java:362)
		at org.apache.jasper.compiler.Compiler.compile(Compiler.java:346)
		at org.apache.jasper.JspCompilationContext.compile(JspCompilationContext.java:605)
		at org.apache.jasper.servlet.JspServletWrapper.service(JspServletWrapper.java:400)
		at org.apache.jasper.servlet.JspServlet.serviceJspFile(JspServlet.java:385)
		at org.apache.jasper.servlet.JspServlet.service(JspServlet.java:329)
		at javax.servlet.http.HttpServlet.service(HttpServlet.java:733)
		at org.apache.catalina.core.ApplicationFilterChain.internalDoFilter(ApplicationFilterChain.java:231)
		at org.apache.catalina.core.ApplicationFilterChain.doFilter(ApplicationFilterChain.java:166)
		at org.apache.tomcat.websocket.server.WsFilter.doFilter(WsFilter.java:53)
		at org.apache.catalina.core.ApplicationFilterChain.internalDoFilter(ApplicationFilterChain.java:193)
		at org.apache.catalina.core.ApplicationFilterChain.doFilter(ApplicationFilterChain.java:166)
		at org.apache.catalina.core.StandardWrapperValve.invoke(StandardWrapperValve.java:202)
		at org.apache.catalina.core.StandardContextValve.invoke(StandardContextValve.java:97)
		at org.apache.catalina.authenticator.AuthenticatorBase.invoke(AuthenticatorBase.java:541)
		at org.apache.catalina.core.StandardHostValve.invoke(StandardHostValve.java:143)
		at org.apache.catalina.valves.ErrorReportValve.invoke(ErrorReportValve.java:92)
		at org.apache.catalina.valves.AbstractAccessLogValve.invoke(AbstractAccessLogValve.java:690)
		at org.apache.catalina.core.StandardEngineValve.invoke(StandardEngineValve.java:78)
		at org.apache.catalina.connector.CoyoteAdapter.service(CoyoteAdapter.java:343)
		at org.apache.coyote.http11.Http11Processor.service(Http11Processor.java:374)
		at org.apache.coyote.AbstractProcessorLight.process(AbstractProcessorLight.java:65)
		at org.apache.coyote.AbstractProtocol$ConnectionHandler.process(AbstractProtocol.java:868)
		at org.apache.tomcat.util.net.NioEndpoint$SocketProcessor.doRun(NioEndpoint.java:1590)
		at org.apache.tomcat.util.net.SocketProcessorBase.run(SocketProcessorBase.java:49)
		at java.base/java.util.concurrent.ThreadPoolExecutor.runWorker(ThreadPoolExecutor.java:1136)
		at java.base/java.util.concurrent.ThreadPoolExecutor$Worker.run(ThreadPoolExecutor.java:635)
		at org.apache.tomcat.util.threads.TaskThread$WrappingRunnable.run(TaskThread.java:61)
		at java.base/java.lang.Thread.run(Thread.java:833)
17-Jul-2024 16:16:14.882 SEVERE [http-nio-8080-exec-2] org.apache.catalina.core.StandardWrapperValve.invoke Servlet.service() for servlet [jsp] in context with path [/real-estate] threw exception [org.apache.jasper.JasperException: java.lang.ClassNotFoundException: org.apache.jsp.home_jsp] with root cause
	java.lang.ClassNotFoundException: org.apache.jsp.home_jsp
		at java.base/java.net.URLClassLoader.findClass(URLClassLoader.java:445)
		at org.apache.jasper.servlet.JasperLoader.loadClass(JasperLoader.java:128)
		at org.apache.jasper.servlet.JasperLoader.loadClass(JasperLoader.java:59)
		at org.apache.catalina.core.DefaultInstanceManager.newInstance(DefaultInstanceManager.java:159)
		at org.apache.jasper.servlet.JspServletWrapper.getServlet(JspServletWrapper.java:193)
		at org.apache.jasper.servlet.JspServletWrapper.service(JspServletWrapper.java:414)
		at org.apache.jasper.servlet.JspServlet.serviceJspFile(JspServlet.java:385)
		at org.apache.jasper.servlet.JspServlet.service(JspServlet.java:329)
		at javax.servlet.http.HttpServlet.service(HttpServlet.java:733)
		at org.apache.catalina.core.ApplicationFilterChain.internalDoFilter(ApplicationFilterChain.java:231)
		at org.apache.catalina.core.ApplicationFilterChain.doFilter(ApplicationFilterChain.java:166)
		at org.apache.tomcat.websocket.server.WsFilter.doFilter(WsFilter.java:53)
		at org.apache.catalina.core.ApplicationFilterChain.internalDoFilter(ApplicationFilterChain.java:193)
		at org.apache.catalina.core.ApplicationFilterChain.doFilter(ApplicationFilterChain.java:166)
		at org.apache.catalina.core.StandardWrapperValve.invoke(StandardWrapperValve.java:202)
		at org.apache.catalina.core.StandardContextValve.invoke(StandardContextValve.java:97)
		at org.apache.catalina.authenticator.AuthenticatorBase.invoke(AuthenticatorBase.java:541)
		at org.apache.catalina.core.StandardHostValve.invoke(StandardHostValve.java:143)
		at org.apache.catalina.valves.ErrorReportValve.invoke(ErrorReportValve.java:92)
		at org.apache.catalina.valves.AbstractAccessLogValve.invoke(AbstractAccessLogValve.java:690)
		at org.apache.catalina.core.StandardEngineValve.invoke(StandardEngineValve.java:78)
		at org.apache.catalina.connector.CoyoteAdapter.service(CoyoteAdapter.java:343)
		at org.apache.coyote.http11.Http11Processor.service(Http11Processor.java:374)
		at org.apache.coyote.AbstractProcessorLight.process(AbstractProcessorLight.java:65)
		at org.apache.coyote.AbstractProtocol$ConnectionHandler.process(AbstractProtocol.java:868)
		at org.apache.tomcat.util.net.NioEndpoint$SocketProcessor.doRun(NioEndpoint.java:1590)
		at org.apache.tomcat.util.net.SocketProcessorBase.run(SocketProcessorBase.java:49)
		at java.base/java.util.concurrent.ThreadPoolExecutor.runWorker(ThreadPoolExecutor.java:1136)
		at java.base/java.util.concurrent.ThreadPoolExecutor$Worker.run(ThreadPoolExecutor.java:635)
		at org.apache.tomcat.util.threads.TaskThread$WrappingRunnable.run(TaskThread.java:61)
		at java.base/java.lang.Thread.run(Thread.java:833)
17-Jul-2024 16:16:16.191 SEVERE [http-nio-8080-exec-4] org.apache.catalina.core.StandardWrapperValve.invoke Servlet.service() for servlet [jsp] in context with path [/real-estate] threw exception [org.apache.jasper.JasperException: java.lang.ClassNotFoundException: org.apache.jsp.home_jsp] with root cause
	java.lang.ClassNotFoundException: org.apache.jsp.home_jsp
		at java.base/java.net.URLClassLoader.findClass(URLClassLoader.java:445)
		at org.apache.jasper.servlet.JasperLoader.loadClass(JasperLoader.java:128)
		at org.apache.jasper.servlet.JasperLoader.loadClass(JasperLoader.java:59)
		at org.apache.catalina.core.DefaultInstanceManager.newInstance(DefaultInstanceManager.java:159)
		at org.apache.jasper.servlet.JspServletWrapper.getServlet(JspServletWrapper.java:193)
		at org.apache.jasper.servlet.JspServletWrapper.service(JspServletWrapper.java:414)
		at org.apache.jasper.servlet.JspServlet.serviceJspFile(JspServlet.java:385)
		at org.apache.jasper.servlet.JspServlet.service(JspServlet.java:329)
		at javax.servlet.http.HttpServlet.service(HttpServlet.java:733)
		at org.apache.catalina.core.ApplicationFilterChain.internalDoFilter(ApplicationFilterChain.java:231)
		at org.apache.catalina.core.ApplicationFilterChain.doFilter(ApplicationFilterChain.java:166)
		at org.apache.tomcat.websocket.server.WsFilter.doFilter(WsFilter.java:53)
		at org.apache.catalina.core.ApplicationFilterChain.internalDoFilter(ApplicationFilterChain.java:193)
		at org.apache.catalina.core.ApplicationFilterChain.doFilter(ApplicationFilterChain.java:166)
		at org.apache.catalina.core.StandardWrapperValve.invoke(StandardWrapperValve.java:202)
		at org.apache.catalina.core.StandardContextValve.invoke(StandardContextValve.java:97)
		at org.apache.catalina.authenticator.AuthenticatorBase.invoke(AuthenticatorBase.java:541)
		at org.apache.catalina.core.StandardHostValve.invoke(StandardHostValve.java:143)
		at org.apache.catalina.valves.ErrorReportValve.invoke(ErrorReportValve.java:92)
		at org.apache.catalina.valves.AbstractAccessLogValve.invoke(AbstractAccessLogValve.java:690)
		at org.apache.catalina.core.StandardEngineValve.invoke(StandardEngineValve.java:78)
		at org.apache.catalina.connector.CoyoteAdapter.service(CoyoteAdapter.java:343)
		at org.apache.coyote.http11.Http11Processor.service(Http11Processor.java:374)
		at org.apache.coyote.AbstractProcessorLight.process(AbstractProcessorLight.java:65)
		at org.apache.coyote.AbstractProtocol$ConnectionHandler.process(AbstractProtocol.java:868)
		at org.apache.tomcat.util.net.NioEndpoint$SocketProcessor.doRun(NioEndpoint.java:1590)
		at org.apache.tomcat.util.net.SocketProcessorBase.run(SocketProcessorBase.java:49)
		at java.base/java.util.concurrent.ThreadPoolExecutor.runWorker(ThreadPoolExecutor.java:1136)
		at java.base/java.util.concurrent.ThreadPoolExecutor$Worker.run(ThreadPoolExecutor.java:635)
		at org.apache.tomcat.util.threads.TaskThread$WrappingRunnable.run(TaskThread.java:61)
		at java.base/java.lang.Thread.run(Thread.java:833)
17-Jul-2024 16:16:22.481 SEVERE [http-nio-8080-exec-5] org.apache.catalina.core.StandardWrapperValve.invoke Servlet.service() for servlet [jsp] in context with path [/real-estate] threw exception [org.apache.jasper.JasperException: javax.el.ELException: Failed to parse the expression [${}]] with root cause
	org.apache.el.parser.ParseException: Encountered " "}" "} "" at line 1, column 3.
Was expecting one of:
    "{" ...
    <INTEGER_LITERAL> ...
    <FLOATING_POINT_LITERAL> ...
    <STRING_LITERAL> ...
    "true" ...
    "false" ...
    "null" ...
    "(" ...
    "[" ...
    "!" ...
    "not" ...
    "empty" ...
    "-" ...
    <IDENTIFIER> ...
    <IDENTIFIER> ...
    "(" ...
    
		at org.apache.el.parser.ELParser.generateParseException(ELParser.java:3090)
		at org.apache.el.parser.ELParser.jj_consume_token(ELParser.java:2963)
		at org.apache.el.parser.ELParser.Assignment(ELParser.java:280)
		at org.apache.el.parser.ELParser.Semicolon(ELParser.java:182)
		at org.apache.el.parser.ELParser.Expression(ELParser.java:175)
		at org.apache.el.parser.ELParser.DynamicExpression(ELParser.java:147)
		at org.apache.el.parser.ELParser.CompositeExpression(ELParser.java:44)
		at org.apache.el.lang.ExpressionBuilder.createNodeInternal(ExpressionBuilder.java:118)
		at org.apache.el.lang.ExpressionBuilder.build(ExpressionBuilder.java:178)
		at org.apache.el.lang.ExpressionBuilder.createValueExpression(ExpressionBuilder.java:242)
		at org.apache.el.ExpressionFactoryImpl.createValueExpression(ExpressionFactoryImpl.java:67)
		at org.apache.jasper.compiler.Validator$ValidateVisitor.prepareExpression(Validator.java:1630)
		at org.apache.jasper.compiler.Validator$ValidateVisitor.visit(Validator.java:759)
		at org.apache.jasper.compiler.Node$ELExpression.accept(Node.java:958)
		at org.apache.jasper.compiler.Node$Nodes.visit(Node.java:2389)
		at org.apache.jasper.compiler.Node$Visitor.visitBody(Node.java:2441)
		at org.apache.jasper.compiler.Node$Visitor.visit(Node.java:2447)
		at org.apache.jasper.compiler.Node$Root.accept(Node.java:470)
		at org.apache.jasper.compiler.Node$Nodes.visit(Node.java:2389)
		at org.apache.jasper.compiler.Validator.validateExDirectives(Validator.java:1857)
		at org.apache.jasper.compiler.Compiler.generateJava(Compiler.java:224)
		at org.apache.jasper.compiler.Compiler.compile(Compiler.java:386)
		at org.apache.jasper.compiler.Compiler.compile(Compiler.java:362)
		at org.apache.jasper.compiler.Compiler.compile(Compiler.java:346)
		at org.apache.jasper.JspCompilationContext.compile(JspCompilationContext.java:605)
		at org.apache.jasper.servlet.JspServletWrapper.service(JspServletWrapper.java:400)
		at org.apache.jasper.servlet.JspServlet.serviceJspFile(JspServlet.java:385)
		at org.apache.jasper.servlet.JspServlet.service(JspServlet.java:329)
		at javax.servlet.http.HttpServlet.service(HttpServlet.java:733)
		at org.apache.catalina.core.ApplicationFilterChain.internalDoFilter(ApplicationFilterChain.java:231)
		at org.apache.catalina.core.ApplicationFilterChain.doFilter(ApplicationFilterChain.java:166)
		at org.apache.tomcat.websocket.server.WsFilter.doFilter(WsFilter.java:53)
		at org.apache.catalina.core.ApplicationFilterChain.internalDoFilter(ApplicationFilterChain.java:193)
		at org.apache.catalina.core.ApplicationFilterChain.doFilter(ApplicationFilterChain.java:166)
		at org.apache.catalina.core.StandardWrapperValve.invoke(StandardWrapperValve.java:202)
		at org.apache.catalina.core.StandardContextValve.invoke(StandardContextValve.java:97)
		at org.apache.catalina.authenticator.AuthenticatorBase.invoke(AuthenticatorBase.java:541)
		at org.apache.catalina.core.StandardHostValve.invoke(StandardHostValve.java:143)
		at org.apache.catalina.valves.ErrorReportValve.invoke(ErrorReportValve.java:92)
		at org.apache.catalina.valves.AbstractAccessLogValve.invoke(AbstractAccessLogValve.java:690)
		at org.apache.catalina.core.StandardEngineValve.invoke(StandardEngineValve.java:78)
		at org.apache.catalina.connector.CoyoteAdapter.service(CoyoteAdapter.java:343)
		at org.apache.coyote.http11.Http11Processor.service(Http11Processor.java:374)
		at org.apache.coyote.AbstractProcessorLight.process(AbstractProcessorLight.java:65)
		at org.apache.coyote.AbstractProtocol$ConnectionHandler.process(AbstractProtocol.java:868)
		at org.apache.tomcat.util.net.NioEndpoint$SocketProcessor.doRun(NioEndpoint.java:1590)
		at org.apache.tomcat.util.net.SocketProcessorBase.run(SocketProcessorBase.java:49)
		at java.base/java.util.concurrent.ThreadPoolExecutor.runWorker(ThreadPoolExecutor.java:1136)
		at java.base/java.util.concurrent.ThreadPoolExecutor$Worker.run(ThreadPoolExecutor.java:635)
		at org.apache.tomcat.util.threads.TaskThread$WrappingRunnable.run(TaskThread.java:61)
		at java.base/java.lang.Thread.run(Thread.java:833)
17-Jul-2024 16:16:27.495 SEVERE [http-nio-8080-exec-7] org.apache.catalina.core.StandardWrapperValve.invoke Servlet.service() for servlet [jsp] in context with path [/real-estate] threw exception [org.apache.jasper.JasperException: javax.el.ELException: Failed to parse the expression [${}]] with root cause
	org.apache.el.parser.ParseException: Encountered " "}" "} "" at line 1, column 3.
Was expecting one of:
    "{" ...
    <INTEGER_LITERAL> ...
    <FLOATING_POINT_LITERAL> ...
    <STRING_LITERAL> ...
    "true" ...
    "false" ...
    "null" ...
    "(" ...
    "[" ...
    "!" ...
    "not" ...
    "empty" ...
    "-" ...
    <IDENTIFIER> ...
    <IDENTIFIER> ...
    "(" ...
    
		at org.apache.el.parser.ELParser.generateParseException(ELParser.java:3090)
		at org.apache.el.parser.ELParser.jj_consume_token(ELParser.java:2963)
		at org.apache.el.parser.ELParser.Assignment(ELParser.java:280)
		at org.apache.el.parser.ELParser.Semicolon(ELParser.java:182)
		at org.apache.el.parser.ELParser.Expression(ELParser.java:175)
		at org.apache.el.parser.ELParser.DynamicExpression(ELParser.java:147)
		at org.apache.el.parser.ELParser.CompositeExpression(ELParser.java:44)
		at org.apache.el.lang.ExpressionBuilder.createNodeInternal(ExpressionBuilder.java:118)
		at org.apache.el.lang.ExpressionBuilder.build(ExpressionBuilder.java:178)
		at org.apache.el.lang.ExpressionBuilder.createValueExpression(ExpressionBuilder.java:242)
		at org.apache.el.ExpressionFactoryImpl.createValueExpression(ExpressionFactoryImpl.java:67)
		at org.apache.jasper.compiler.Validator$ValidateVisitor.prepareExpression(Validator.java:1630)
		at org.apache.jasper.compiler.Validator$ValidateVisitor.visit(Validator.java:759)
		at org.apache.jasper.compiler.Node$ELExpression.accept(Node.java:958)
		at org.apache.jasper.compiler.Node$Nodes.visit(Node.java:2389)
		at org.apache.jasper.compiler.Node$Visitor.visitBody(Node.java:2441)
		at org.apache.jasper.compiler.Node$Visitor.visit(Node.java:2447)
		at org.apache.jasper.compiler.Node$Root.accept(Node.java:470)
		at org.apache.jasper.compiler.Node$Nodes.visit(Node.java:2389)
		at org.apache.jasper.compiler.Validator.validateExDirectives(Validator.java:1857)
		at org.apache.jasper.compiler.Compiler.generateJava(Compiler.java:224)
		at org.apache.jasper.compiler.Compiler.compile(Compiler.java:386)
		at org.apache.jasper.compiler.Compiler.compile(Compiler.java:362)
		at org.apache.jasper.compiler.Compiler.compile(Compiler.java:346)
		at org.apache.jasper.JspCompilationContext.compile(JspCompilationContext.java:605)
		at org.apache.jasper.servlet.JspServletWrapper.service(JspServletWrapper.java:400)
		at org.apache.jasper.servlet.JspServlet.serviceJspFile(JspServlet.java:385)
		at org.apache.jasper.servlet.JspServlet.service(JspServlet.java:329)
		at javax.servlet.http.HttpServlet.service(HttpServlet.java:733)
		at org.apache.catalina.core.ApplicationFilterChain.internalDoFilter(ApplicationFilterChain.java:231)
		at org.apache.catalina.core.ApplicationFilterChain.doFilter(ApplicationFilterChain.java:166)
		at org.apache.tomcat.websocket.server.WsFilter.doFilter(WsFilter.java:53)
		at org.apache.catalina.core.ApplicationFilterChain.internalDoFilter(ApplicationFilterChain.java:193)
		at org.apache.catalina.core.ApplicationFilterChain.doFilter(ApplicationFilterChain.java:166)
		at org.apache.catalina.core.StandardWrapperValve.invoke(StandardWrapperValve.java:202)
		at org.apache.catalina.core.StandardContextValve.invoke(StandardContextValve.java:97)
		at org.apache.catalina.authenticator.AuthenticatorBase.invoke(AuthenticatorBase.java:541)
		at org.apache.catalina.core.StandardHostValve.invoke(StandardHostValve.java:143)
		at org.apache.catalina.valves.ErrorReportValve.invoke(ErrorReportValve.java:92)
		at org.apache.catalina.valves.AbstractAccessLogValve.invoke(AbstractAccessLogValve.java:690)
		at org.apache.catalina.core.StandardEngineValve.invoke(StandardEngineValve.java:78)
		at org.apache.catalina.connector.CoyoteAdapter.service(CoyoteAdapter.java:343)
		at org.apache.coyote.http11.Http11Processor.service(Http11Processor.java:374)
		at org.apache.coyote.AbstractProcessorLight.process(AbstractProcessorLight.java:65)
		at org.apache.coyote.AbstractProtocol$ConnectionHandler.process(AbstractProtocol.java:868)
		at org.apache.tomcat.util.net.NioEndpoint$SocketProcessor.doRun(NioEndpoint.java:1590)
		at org.apache.tomcat.util.net.SocketProcessorBase.run(SocketProcessorBase.java:49)
		at java.base/java.util.concurrent.ThreadPoolExecutor.runWorker(ThreadPoolExecutor.java:1136)
		at java.base/java.util.concurrent.ThreadPoolExecutor$Worker.run(ThreadPoolExecutor.java:635)
		at org.apache.tomcat.util.threads.TaskThread$WrappingRunnable.run(TaskThread.java:61)
		at java.base/java.lang.Thread.run(Thread.java:833)
17-Jul-2024 16:16:27.666 SEVERE [http-nio-8080-exec-8] org.apache.catalina.core.StandardWrapperValve.invoke Servlet.service() for servlet [jsp] in context with path [/real-estate] threw exception [org.apache.jasper.JasperException: java.lang.ClassNotFoundException: org.apache.jsp.home_jsp] with root cause
	java.lang.ClassNotFoundException: org.apache.jsp.home_jsp
		at java.base/java.net.URLClassLoader.findClass(URLClassLoader.java:445)
		at org.apache.jasper.servlet.JasperLoader.loadClass(JasperLoader.java:128)
		at org.apache.jasper.servlet.JasperLoader.loadClass(JasperLoader.java:59)
		at org.apache.catalina.core.DefaultInstanceManager.newInstance(DefaultInstanceManager.java:159)
		at org.apache.jasper.servlet.JspServletWrapper.getServlet(JspServletWrapper.java:193)
		at org.apache.jasper.servlet.JspServletWrapper.service(JspServletWrapper.java:414)
		at org.apache.jasper.servlet.JspServlet.serviceJspFile(JspServlet.java:385)
		at org.apache.jasper.servlet.JspServlet.service(JspServlet.java:329)
		at javax.servlet.http.HttpServlet.service(HttpServlet.java:733)
		at org.apache.catalina.core.ApplicationFilterChain.internalDoFilter(ApplicationFilterChain.java:231)
		at org.apache.catalina.core.ApplicationFilterChain.doFilter(ApplicationFilterChain.java:166)
		at org.apache.tomcat.websocket.server.WsFilter.doFilter(WsFilter.java:53)
		at org.apache.catalina.core.ApplicationFilterChain.internalDoFilter(ApplicationFilterChain.java:193)
		at org.apache.catalina.core.ApplicationFilterChain.doFilter(ApplicationFilterChain.java:166)
		at org.apache.catalina.core.StandardWrapperValve.invoke(StandardWrapperValve.java:202)
		at org.apache.catalina.core.StandardContextValve.invoke(StandardContextValve.java:97)
		at org.apache.catalina.authenticator.AuthenticatorBase.invoke(AuthenticatorBase.java:541)
		at org.apache.catalina.core.StandardHostValve.invoke(StandardHostValve.java:143)
		at org.apache.catalina.valves.ErrorReportValve.invoke(ErrorReportValve.java:92)
		at org.apache.catalina.valves.AbstractAccessLogValve.invoke(AbstractAccessLogValve.java:690)
		at org.apache.catalina.core.StandardEngineValve.invoke(StandardEngineValve.java:78)
		at org.apache.catalina.connector.CoyoteAdapter.service(CoyoteAdapter.java:343)
		at org.apache.coyote.http11.Http11Processor.service(Http11Processor.java:374)
		at org.apache.coyote.AbstractProcessorLight.process(AbstractProcessorLight.java:65)
		at org.apache.coyote.AbstractProtocol$ConnectionHandler.process(AbstractProtocol.java:868)
		at org.apache.tomcat.util.net.NioEndpoint$SocketProcessor.doRun(NioEndpoint.java:1590)
		at org.apache.tomcat.util.net.SocketProcessorBase.run(SocketProcessorBase.java:49)
		at java.base/java.util.concurrent.ThreadPoolExecutor.runWorker(ThreadPoolExecutor.java:1136)
		at java.base/java.util.concurrent.ThreadPoolExecutor$Worker.run(ThreadPoolExecutor.java:635)
		at org.apache.tomcat.util.threads.TaskThread$WrappingRunnable.run(TaskThread.java:61)
		at java.base/java.lang.Thread.run(Thread.java:833)
17-Jul-2024 16:17:16.885 SEVERE [http-nio-8080-exec-6] org.apache.catalina.core.ApplicationDispatcher.invoke Servlet.service() for servlet [jsp] threw exception
	org.apache.el.parser.ParseException: Encountered " "}" "} "" at line 1, column 3.
Was expecting one of:
    "{" ...
    <INTEGER_LITERAL> ...
    <FLOATING_POINT_LITERAL> ...
    <STRING_LITERAL> ...
    "true" ...
    "false" ...
    "null" ...
    "(" ...
    "[" ...
    "!" ...
    "not" ...
    "empty" ...
    "-" ...
    <IDENTIFIER> ...
    <IDENTIFIER> ...
    "(" ...
    
		at org.apache.el.parser.ELParser.generateParseException(ELParser.java:3090)
		at org.apache.el.parser.ELParser.jj_consume_token(ELParser.java:2963)
		at org.apache.el.parser.ELParser.Assignment(ELParser.java:280)
		at org.apache.el.parser.ELParser.Semicolon(ELParser.java:182)
		at org.apache.el.parser.ELParser.Expression(ELParser.java:175)
		at org.apache.el.parser.ELParser.DynamicExpression(ELParser.java:147)
		at org.apache.el.parser.ELParser.CompositeExpression(ELParser.java:44)
		at org.apache.el.lang.ExpressionBuilder.createNodeInternal(ExpressionBuilder.java:118)
		at org.apache.el.lang.ExpressionBuilder.build(ExpressionBuilder.java:178)
		at org.apache.el.lang.ExpressionBuilder.createValueExpression(ExpressionBuilder.java:242)
		at org.apache.el.ExpressionFactoryImpl.createValueExpression(ExpressionFactoryImpl.java:67)
		at org.apache.jasper.compiler.Validator$ValidateVisitor.prepareExpression(Validator.java:1630)
		at org.apache.jasper.compiler.Validator$ValidateVisitor.visit(Validator.java:759)
		at org.apache.jasper.compiler.Node$ELExpression.accept(Node.java:958)
		at org.apache.jasper.compiler.Node$Nodes.visit(Node.java:2389)
		at org.apache.jasper.compiler.Node$Visitor.visitBody(Node.java:2441)
		at org.apache.jasper.compiler.Node$Visitor.visit(Node.java:2447)
		at org.apache.jasper.compiler.Node$Root.accept(Node.java:470)
		at org.apache.jasper.compiler.Node$Nodes.visit(Node.java:2389)
		at org.apache.jasper.compiler.Validator.validateExDirectives(Validator.java:1857)
		at org.apache.jasper.compiler.Compiler.generateJava(Compiler.java:224)
		at org.apache.jasper.compiler.Compiler.compile(Compiler.java:386)
		at org.apache.jasper.compiler.Compiler.compile(Compiler.java:362)
		at org.apache.jasper.compiler.Compiler.compile(Compiler.java:346)
		at org.apache.jasper.JspCompilationContext.compile(JspCompilationContext.java:605)
		at org.apache.jasper.servlet.JspServletWrapper.service(JspServletWrapper.java:400)
		at org.apache.jasper.servlet.JspServlet.serviceJspFile(JspServlet.java:385)
		at org.apache.jasper.servlet.JspServlet.service(JspServlet.java:329)
		at javax.servlet.http.HttpServlet.service(HttpServlet.java:733)
		at org.apache.catalina.core.ApplicationFilterChain.internalDoFilter(ApplicationFilterChain.java:231)
		at org.apache.catalina.core.ApplicationFilterChain.doFilter(ApplicationFilterChain.java:166)
		at org.apache.tomcat.websocket.server.WsFilter.doFilter(WsFilter.java:53)
		at org.apache.catalina.core.ApplicationFilterChain.internalDoFilter(ApplicationFilterChain.java:193)
		at org.apache.catalina.core.ApplicationFilterChain.doFilter(ApplicationFilterChain.java:166)
		at org.apache.catalina.core.ApplicationDispatcher.invoke(ApplicationDispatcher.java:712)
		at org.apache.catalina.core.ApplicationDispatcher.processRequest(ApplicationDispatcher.java:459)
		at org.apache.catalina.core.ApplicationDispatcher.doForward(ApplicationDispatcher.java:384)
		at org.apache.catalina.core.ApplicationDispatcher.forward(ApplicationDispatcher.java:312)
		at org.springframework.web.servlet.view.InternalResourceView.renderMergedOutputModel(InternalResourceView.java:171)
		at org.springframework.web.servlet.view.AbstractView.render(AbstractView.java:316)
		at org.springframework.web.servlet.DispatcherServlet.render(DispatcherServlet.java:1406)
		at org.springframework.web.servlet.DispatcherServlet.processDispatchResult(DispatcherServlet.java:1150)
		at org.springframework.web.servlet.DispatcherServlet.doDispatch(DispatcherServlet.java:1089)
		at org.springframework.web.servlet.DispatcherServlet.doService(DispatcherServlet.java:965)
		at org.springframework.web.servlet.FrameworkServlet.processRequest(FrameworkServlet.java:1006)
		at org.springframework.web.servlet.FrameworkServlet.doPost(FrameworkServlet.java:909)
		at javax.servlet.http.HttpServlet.service(HttpServlet.java:652)
		at org.springframework.web.servlet.FrameworkServlet.service(FrameworkServlet.java:883)
		at javax.servlet.http.HttpServlet.service(HttpServlet.java:733)
		at org.apache.catalina.core.ApplicationFilterChain.internalDoFilter(ApplicationFilterChain.java:231)
		at org.apache.catalina.core.ApplicationFilterChain.doFilter(ApplicationFilterChain.java:166)
		at org.apache.tomcat.websocket.server.WsFilter.doFilter(WsFilter.java:53)
		at org.apache.catalina.core.ApplicationFilterChain.internalDoFilter(ApplicationFilterChain.java:193)
		at org.apache.catalina.core.ApplicationFilterChain.doFilter(ApplicationFilterChain.java:166)
		at org.apache.catalina.core.StandardWrapperValve.invoke(StandardWrapperValve.java:202)
		at org.apache.catalina.core.StandardContextValve.invoke(StandardContextValve.java:97)
		at org.apache.catalina.authenticator.AuthenticatorBase.invoke(AuthenticatorBase.java:541)
		at org.apache.catalina.core.StandardHostValve.invoke(StandardHostValve.java:143)
		at org.apache.catalina.valves.ErrorReportValve.invoke(ErrorReportValve.java:92)
		at org.apache.catalina.valves.AbstractAccessLogValve.invoke(AbstractAccessLogValve.java:690)
		at org.apache.catalina.core.StandardEngineValve.invoke(StandardEngineValve.java:78)
		at org.apache.catalina.connector.CoyoteAdapter.service(CoyoteAdapter.java:343)
		at org.apache.coyote.http11.Http11Processor.service(Http11Processor.java:374)
		at org.apache.coyote.AbstractProcessorLight.process(AbstractProcessorLight.java:65)
		at org.apache.coyote.AbstractProtocol$ConnectionHandler.process(AbstractProtocol.java:868)
		at org.apache.tomcat.util.net.NioEndpoint$SocketProcessor.doRun(NioEndpoint.java:1590)
		at org.apache.tomcat.util.net.SocketProcessorBase.run(SocketProcessorBase.java:49)
		at java.base/java.util.concurrent.ThreadPoolExecutor.runWorker(ThreadPoolExecutor.java:1136)
		at java.base/java.util.concurrent.ThreadPoolExecutor$Worker.run(ThreadPoolExecutor.java:635)
		at org.apache.tomcat.util.threads.TaskThread$WrappingRunnable.run(TaskThread.java:61)
		at java.base/java.lang.Thread.run(Thread.java:833)
17-Jul-2024 16:17:16.885 SEVERE [http-nio-8080-exec-6] org.apache.catalina.core.StandardWrapperValve.invoke Servlet.service() for servlet [dispatcher] in context with path [/real-estate] threw exception [org.apache.jasper.JasperException: javax.el.ELException: Failed to parse the expression [${}]] with root cause
	org.apache.el.parser.ParseException: Encountered " "}" "} "" at line 1, column 3.
Was expecting one of:
    "{" ...
    <INTEGER_LITERAL> ...
    <FLOATING_POINT_LITERAL> ...
    <STRING_LITERAL> ...
    "true" ...
    "false" ...
    "null" ...
    "(" ...
    "[" ...
    "!" ...
    "not" ...
    "empty" ...
    "-" ...
    <IDENTIFIER> ...
    <IDENTIFIER> ...
    "(" ...
    
		at org.apache.el.parser.ELParser.generateParseException(ELParser.java:3090)
		at org.apache.el.parser.ELParser.jj_consume_token(ELParser.java:2963)
		at org.apache.el.parser.ELParser.Assignment(ELParser.java:280)
		at org.apache.el.parser.ELParser.Semicolon(ELParser.java:182)
		at org.apache.el.parser.ELParser.Expression(ELParser.java:175)
		at org.apache.el.parser.ELParser.DynamicExpression(ELParser.java:147)
		at org.apache.el.parser.ELParser.CompositeExpression(ELParser.java:44)
		at org.apache.el.lang.ExpressionBuilder.createNodeInternal(ExpressionBuilder.java:118)
		at org.apache.el.lang.ExpressionBuilder.build(ExpressionBuilder.java:178)
		at org.apache.el.lang.ExpressionBuilder.createValueExpression(ExpressionBuilder.java:242)
		at org.apache.el.ExpressionFactoryImpl.createValueExpression(ExpressionFactoryImpl.java:67)
		at org.apache.jasper.compiler.Validator$ValidateVisitor.prepareExpression(Validator.java:1630)
		at org.apache.jasper.compiler.Validator$ValidateVisitor.visit(Validator.java:759)
		at org.apache.jasper.compiler.Node$ELExpression.accept(Node.java:958)
		at org.apache.jasper.compiler.Node$Nodes.visit(Node.java:2389)
		at org.apache.jasper.compiler.Node$Visitor.visitBody(Node.java:2441)
		at org.apache.jasper.compiler.Node$Visitor.visit(Node.java:2447)
		at org.apache.jasper.compiler.Node$Root.accept(Node.java:470)
		at org.apache.jasper.compiler.Node$Nodes.visit(Node.java:2389)
		at org.apache.jasper.compiler.Validator.validateExDirectives(Validator.java:1857)
		at org.apache.jasper.compiler.Compiler.generateJava(Compiler.java:224)
		at org.apache.jasper.compiler.Compiler.compile(Compiler.java:386)
		at org.apache.jasper.compiler.Compiler.compile(Compiler.java:362)
		at org.apache.jasper.compiler.Compiler.compile(Compiler.java:346)
		at org.apache.jasper.JspCompilationContext.compile(JspCompilationContext.java:605)
		at org.apache.jasper.servlet.JspServletWrapper.service(JspServletWrapper.java:400)
		at org.apache.jasper.servlet.JspServlet.serviceJspFile(JspServlet.java:385)
		at org.apache.jasper.servlet.JspServlet.service(JspServlet.java:329)
		at javax.servlet.http.HttpServlet.service(HttpServlet.java:733)
		at org.apache.catalina.core.ApplicationFilterChain.internalDoFilter(ApplicationFilterChain.java:231)
		at org.apache.catalina.core.ApplicationFilterChain.doFilter(ApplicationFilterChain.java:166)
		at org.apache.tomcat.websocket.server.WsFilter.doFilter(WsFilter.java:53)
		at org.apache.catalina.core.ApplicationFilterChain.internalDoFilter(ApplicationFilterChain.java:193)
		at org.apache.catalina.core.ApplicationFilterChain.doFilter(ApplicationFilterChain.java:166)
		at org.apache.catalina.core.ApplicationDispatcher.invoke(ApplicationDispatcher.java:712)
		at org.apache.catalina.core.ApplicationDispatcher.processRequest(ApplicationDispatcher.java:459)
		at org.apache.catalina.core.ApplicationDispatcher.doForward(ApplicationDispatcher.java:384)
		at org.apache.catalina.core.ApplicationDispatcher.forward(ApplicationDispatcher.java:312)
		at org.springframework.web.servlet.view.InternalResourceView.renderMergedOutputModel(InternalResourceView.java:171)
		at org.springframework.web.servlet.view.AbstractView.render(AbstractView.java:316)
		at org.springframework.web.servlet.DispatcherServlet.render(DispatcherServlet.java:1406)
		at org.springframework.web.servlet.DispatcherServlet.processDispatchResult(DispatcherServlet.java:1150)
		at org.springframework.web.servlet.DispatcherServlet.doDispatch(DispatcherServlet.java:1089)
		at org.springframework.web.servlet.DispatcherServlet.doService(DispatcherServlet.java:965)
		at org.springframework.web.servlet.FrameworkServlet.processRequest(FrameworkServlet.java:1006)
		at org.springframework.web.servlet.FrameworkServlet.doPost(FrameworkServlet.java:909)
		at javax.servlet.http.HttpServlet.service(HttpServlet.java:652)
		at org.springframework.web.servlet.FrameworkServlet.service(FrameworkServlet.java:883)
		at javax.servlet.http.HttpServlet.service(HttpServlet.java:733)
		at org.apache.catalina.core.ApplicationFilterChain.internalDoFilter(ApplicationFilterChain.java:231)
		at org.apache.catalina.core.ApplicationFilterChain.doFilter(ApplicationFilterChain.java:166)
		at org.apache.tomcat.websocket.server.WsFilter.doFilter(WsFilter.java:53)
		at org.apache.catalina.core.ApplicationFilterChain.internalDoFilter(ApplicationFilterChain.java:193)
		at org.apache.catalina.core.ApplicationFilterChain.doFilter(ApplicationFilterChain.java:166)
		at org.apache.catalina.core.StandardWrapperValve.invoke(StandardWrapperValve.java:202)
		at org.apache.catalina.core.StandardContextValve.invoke(StandardContextValve.java:97)
		at org.apache.catalina.authenticator.AuthenticatorBase.invoke(AuthenticatorBase.java:541)
		at org.apache.catalina.core.StandardHostValve.invoke(StandardHostValve.java:143)
		at org.apache.catalina.valves.ErrorReportValve.invoke(ErrorReportValve.java:92)
		at org.apache.catalina.valves.AbstractAccessLogValve.invoke(AbstractAccessLogValve.java:690)
		at org.apache.catalina.core.StandardEngineValve.invoke(StandardEngineValve.java:78)
		at org.apache.catalina.connector.CoyoteAdapter.service(CoyoteAdapter.java:343)
		at org.apache.coyote.http11.Http11Processor.service(Http11Processor.java:374)
		at org.apache.coyote.AbstractProcessorLight.process(AbstractProcessorLight.java:65)
		at org.apache.coyote.AbstractProtocol$ConnectionHandler.process(AbstractProtocol.java:868)
		at org.apache.tomcat.util.net.NioEndpoint$SocketProcessor.doRun(NioEndpoint.java:1590)
		at org.apache.tomcat.util.net.SocketProcessorBase.run(SocketProcessorBase.java:49)
		at java.base/java.util.concurrent.ThreadPoolExecutor.runWorker(ThreadPoolExecutor.java:1136)
		at java.base/java.util.concurrent.ThreadPoolExecutor$Worker.run(ThreadPoolExecutor.java:635)
		at org.apache.tomcat.util.threads.TaskThread$WrappingRunnable.run(TaskThread.java:61)
		at java.base/java.lang.Thread.run(Thread.java:833)
17-Jul-2024 16:34:13.505 SEVERE [http-nio-8080-exec-8] org.apache.catalina.core.StandardWrapperValve.invoke Servlet.service() for servlet [jsp] in context with path [/real-estate] threw exception [org.apache.jasper.JasperException: javax.el.ELException: Failed to parse the expression [${}]] with root cause
	org.apache.el.parser.ParseException: Encountered " "}" "} "" at line 1, column 3.
Was expecting one of:
    "{" ...
    <INTEGER_LITERAL> ...
    <FLOATING_POINT_LITERAL> ...
    <STRING_LITERAL> ...
    "true" ...
    "false" ...
    "null" ...
    "(" ...
    "[" ...
    "!" ...
    "not" ...
    "empty" ...
    "-" ...
    <IDENTIFIER> ...
    <IDENTIFIER> ...
    "(" ...
    
		at org.apache.el.parser.ELParser.generateParseException(ELParser.java:3090)
		at org.apache.el.parser.ELParser.jj_consume_token(ELParser.java:2963)
		at org.apache.el.parser.ELParser.Assignment(ELParser.java:280)
		at org.apache.el.parser.ELParser.Semicolon(ELParser.java:182)
		at org.apache.el.parser.ELParser.Expression(ELParser.java:175)
		at org.apache.el.parser.ELParser.DynamicExpression(ELParser.java:147)
		at org.apache.el.parser.ELParser.CompositeExpression(ELParser.java:44)
		at org.apache.el.lang.ExpressionBuilder.createNodeInternal(ExpressionBuilder.java:118)
		at org.apache.el.lang.ExpressionBuilder.build(ExpressionBuilder.java:178)
		at org.apache.el.lang.ExpressionBuilder.createValueExpression(ExpressionBuilder.java:242)
		at org.apache.el.ExpressionFactoryImpl.createValueExpression(ExpressionFactoryImpl.java:67)
		at org.apache.jasper.compiler.Validator$ValidateVisitor.prepareExpression(Validator.java:1630)
		at org.apache.jasper.compiler.Validator$ValidateVisitor.visit(Validator.java:759)
		at org.apache.jasper.compiler.Node$ELExpression.accept(Node.java:958)
		at org.apache.jasper.compiler.Node$Nodes.visit(Node.java:2389)
		at org.apache.jasper.compiler.Node$Visitor.visitBody(Node.java:2441)
		at org.apache.jasper.compiler.Node$Visitor.visit(Node.java:2447)
		at org.apache.jasper.compiler.Node$Root.accept(Node.java:470)
		at org.apache.jasper.compiler.Node$Nodes.visit(Node.java:2389)
		at org.apache.jasper.compiler.Validator.validateExDirectives(Validator.java:1857)
		at org.apache.jasper.compiler.Compiler.generateJava(Compiler.java:224)
		at org.apache.jasper.compiler.Compiler.compile(Compiler.java:386)
		at org.apache.jasper.compiler.Compiler.compile(Compiler.java:362)
		at org.apache.jasper.compiler.Compiler.compile(Compiler.java:346)
		at org.apache.jasper.JspCompilationContext.compile(JspCompilationContext.java:605)
		at org.apache.jasper.servlet.JspServletWrapper.service(JspServletWrapper.java:400)
		at org.apache.jasper.servlet.JspServlet.serviceJspFile(JspServlet.java:385)
		at org.apache.jasper.servlet.JspServlet.service(JspServlet.java:329)
		at javax.servlet.http.HttpServlet.service(HttpServlet.java:733)
		at org.apache.catalina.core.ApplicationFilterChain.internalDoFilter(ApplicationFilterChain.java:231)
		at org.apache.catalina.core.ApplicationFilterChain.doFilter(ApplicationFilterChain.java:166)
		at org.apache.tomcat.websocket.server.WsFilter.doFilter(WsFilter.java:53)
		at org.apache.catalina.core.ApplicationFilterChain.internalDoFilter(ApplicationFilterChain.java:193)
		at org.apache.catalina.core.ApplicationFilterChain.doFilter(ApplicationFilterChain.java:166)
		at org.apache.catalina.core.StandardWrapperValve.invoke(StandardWrapperValve.java:202)
		at org.apache.catalina.core.StandardContextValve.invoke(StandardContextValve.java:97)
		at org.apache.catalina.authenticator.AuthenticatorBase.invoke(AuthenticatorBase.java:541)
		at org.apache.catalina.core.StandardHostValve.invoke(StandardHostValve.java:143)
		at org.apache.catalina.valves.ErrorReportValve.invoke(ErrorReportValve.java:92)
		at org.apache.catalina.valves.AbstractAccessLogValve.invoke(AbstractAccessLogValve.java:690)
		at org.apache.catalina.core.StandardEngineValve.invoke(StandardEngineValve.java:78)
		at org.apache.catalina.connector.CoyoteAdapter.service(CoyoteAdapter.java:343)
		at org.apache.coyote.http11.Http11Processor.service(Http11Processor.java:374)
		at org.apache.coyote.AbstractProcessorLight.process(AbstractProcessorLight.java:65)
		at org.apache.coyote.AbstractProtocol$ConnectionHandler.process(AbstractProtocol.java:868)
		at org.apache.tomcat.util.net.NioEndpoint$SocketProcessor.doRun(NioEndpoint.java:1590)
		at org.apache.tomcat.util.net.SocketProcessorBase.run(SocketProcessorBase.java:49)
		at java.base/java.util.concurrent.ThreadPoolExecutor.runWorker(ThreadPoolExecutor.java:1136)
		at java.base/java.util.concurrent.ThreadPoolExecutor$Worker.run(ThreadPoolExecutor.java:635)
		at org.apache.tomcat.util.threads.TaskThread$WrappingRunnable.run(TaskThread.java:61)
		at java.base/java.lang.Thread.run(Thread.java:833)
17-Jul-2024 17:07:25.407 INFO [Thread-3] org.apache.catalina.core.ApplicationContext.log Destroying Spring FrameworkServlet 'dispatcher'
17-Jul-2024 17:07:39.175 INFO [main] org.apache.catalina.core.ApplicationContext.log 2 Spring WebApplicationInitializers detected on classpath
17-Jul-2024 17:07:39.342 INFO [main] org.apache.catalina.core.ApplicationContext.log Initializing Spring DispatcherServlet 'dispatcher'
17-Jul-2024 17:09:58.260 INFO [Thread-3] org.apache.catalina.core.ApplicationContext.log Destroying Spring FrameworkServlet 'dispatcher'
17-Jul-2024 17:10:10.705 INFO [main] org.apache.catalina.core.ApplicationContext.log 2 Spring WebApplicationInitializers detected on classpath
17-Jul-2024 17:10:10.855 INFO [main] org.apache.catalina.core.ApplicationContext.log Initializing Spring DispatcherServlet 'dispatcher'
17-Jul-2024 17:11:11.397 INFO [Thread-3] org.apache.catalina.core.ApplicationContext.log Destroying Spring FrameworkServlet 'dispatcher'
17-Jul-2024 17:11:23.918 INFO [main] org.apache.catalina.core.ApplicationContext.log 2 Spring WebApplicationInitializers detected on classpath
17-Jul-2024 17:11:24.095 INFO [main] org.apache.catalina.core.ApplicationContext.log Initializing Spring DispatcherServlet 'dispatcher'
17-Jul-2024 17:16:58.474 INFO [Thread-3] org.apache.catalina.core.ApplicationContext.log Destroying Spring FrameworkServlet 'dispatcher'
17-Jul-2024 17:17:11.727 INFO [main] org.apache.catalina.core.ApplicationContext.log 2 Spring WebApplicationInitializers detected on classpath
17-Jul-2024 17:17:11.927 INFO [main] org.apache.catalina.core.ApplicationContext.log Initializing Spring DispatcherServlet 'dispatcher'
17-Jul-2024 17:18:15.322 INFO [Thread-3] org.apache.catalina.core.ApplicationContext.log Destroying Spring FrameworkServlet 'dispatcher'
17-Jul-2024 17:18:27.478 INFO [main] org.apache.catalina.core.ApplicationContext.log 2 Spring WebApplicationInitializers detected on classpath
17-Jul-2024 17:18:27.635 INFO [main] org.apache.catalina.core.ApplicationContext.log Initializing Spring DispatcherServlet 'dispatcher'
17-Jul-2024 17:25:04.160 INFO [Thread-3] org.apache.catalina.core.ApplicationContext.log Destroying Spring FrameworkServlet 'dispatcher'
17-Jul-2024 17:25:17.182 INFO [main] org.apache.catalina.core.ApplicationContext.log 2 Spring WebApplicationInitializers detected on classpath
17-Jul-2024 17:25:17.332 INFO [main] org.apache.catalina.core.ApplicationContext.log Initializing Spring DispatcherServlet 'dispatcher'
17-Jul-2024 17:36:16.876 INFO [Thread-3] org.apache.catalina.core.ApplicationContext.log Destroying Spring FrameworkServlet 'dispatcher'
17-Jul-2024 17:36:29.270 INFO [main] org.apache.catalina.core.ApplicationContext.log 2 Spring WebApplicationInitializers detected on classpath
17-Jul-2024 17:36:29.421 INFO [main] org.apache.catalina.core.ApplicationContext.log Initializing Spring DispatcherServlet 'dispatcher'
17-Jul-2024 17:40:15.967 INFO [Thread-3] org.apache.catalina.core.ApplicationContext.log Destroying Spring FrameworkServlet 'dispatcher'
17-Jul-2024 17:40:28.702 INFO [main] org.apache.catalina.core.ApplicationContext.log 2 Spring WebApplicationInitializers detected on classpath
17-Jul-2024 17:40:28.841 INFO [main] org.apache.catalina.core.ApplicationContext.log Initializing Spring DispatcherServlet 'dispatcher'
17-Jul-2024 17:41:36.675 INFO [Thread-3] org.apache.catalina.core.ApplicationContext.log Destroying Spring FrameworkServlet 'dispatcher'
17-Jul-2024 17:41:45.869 INFO [main] org.apache.catalina.core.ApplicationContext.log 2 Spring WebApplicationInitializers detected on classpath
17-Jul-2024 17:41:46.018 INFO [main] org.apache.catalina.core.ApplicationContext.log Initializing Spring DispatcherServlet 'dispatcher'
17-Jul-2024 17:42:39.977 INFO [Thread-3] org.apache.catalina.core.ApplicationContext.log Destroying Spring FrameworkServlet 'dispatcher'
17-Jul-2024 17:42:53.537 INFO [main] org.apache.catalina.core.ApplicationContext.log 2 Spring WebApplicationInitializers detected on classpath
17-Jul-2024 17:42:53.697 INFO [main] org.apache.catalina.core.ApplicationContext.log Initializing Spring DispatcherServlet 'dispatcher'
17-Jul-2024 18:03:12.163 INFO [Thread-3] org.apache.catalina.core.ApplicationContext.log Destroying Spring FrameworkServlet 'dispatcher'
